#
# There is insufficient memory for the Java Runtime Environment to continue.
# Native memory allocation (mmap) failed to map 100663296 bytes for Failed to commit area from 0x000000008ae00000 to 0x0000000090e00000 of length 100663296.
# Possible reasons:
#   The system is out of physical RAM or swap space
#   The process is running with CompressedOops enabled, and the Java Heap may be blocking the growth of the native heap
# Possible solutions:
#   Reduce memory load on the system
#   Increase physical memory or swap space
#   Check if swap backing store is full
#   Decrease Java heap size (-Xmx/-Xms)
#   Decrease number of Java threads
#   Decrease Java thread stack sizes (-Xss)
#   Set larger code cache with -XX:ReservedCodeCacheSize=
#   JVM is running with Unscaled Compressed Oops mode in which the Java heap is
#     placed in the first 4GB address space. The Java Heap base address is the
#     maximum limit for the native heap growth. Please use -XX:HeapBaseMinAddress
#     to set the Java Heap base and to place the Java Heap above 4GB virtual address.
# This output file may be truncated or incomplete.
#
#  Out of Memory Error (./src/hotspot/os/windows/os_windows.cpp:3521), pid=18308, tid=17468
#
# JRE version: OpenJDK Runtime Environment (11.0.12+7) (build 11.0.12+7-b1504.28-7817840)
# Java VM: OpenJDK 64-Bit Server VM (11.0.12+7-b1504.28-7817840, mixed mode, tiered, compressed oops, g1 gc, windows-amd64)
# No core dump will be written. Minidumps are not enabled by default on client versions of Windows
#

---------------  S U M M A R Y ------------

Command Line: --add-opens=java.base/java.util=ALL-UNNAMED --add-opens=java.base/java.lang=ALL-UNNAMED --add-opens=java.base/java.lang.invoke=ALL-UNNAMED --add-opens=java.base/java.util=ALL-UNNAMED --add-opens=java.prefs/java.util.prefs=ALL-UNNAMED --add-opens=java.prefs/java.util.prefs=ALL-UNNAMED --add-opens=java.base/java.nio.charset=ALL-UNNAMED --add-opens=java.base/java.net=ALL-UNNAMED --add-opens=java.base/java.util.concurrent.atomic=ALL-UNNAMED -Xmx2048m -Dfile.encoding=UTF-8 -Duser.country=CO -Duser.language=es -Duser.variant org.gradle.launcher.daemon.bootstrap.GradleDaemon 7.3.3

Host: Intel(R) Core(TM) i7-4702MQ CPU @ 2.20GHz, 8 cores, 7G,  Windows 10 , 64 bit Build 22000 (10.0.22000.708)
Time: Fri Oct  7 21:59:18 2022 Hora est. Pacífico, Sudamérica elapsed time: 88.758702 seconds (0d 0h 1m 28s)

---------------  T H R E A D  ---------------

Current thread (0x0000021ddbc92000):  VMThread "VM Thread" [stack: 0x000000f1e3500000,0x000000f1e3600000] [id=17468]

Stack: [0x000000f1e3500000,0x000000f1e3600000]
[error occurred during error reporting (printing stack bounds), id 0xc0000005, EXCEPTION_ACCESS_VIOLATION (0xc0000005) at pc=0x0000021dc530112d]

Native frames: (J=compiled Java code, j=interpreted, Vv=VM code, C=native code)
V  [jvm.dll+0x5fbcea]
V  [jvm.dll+0x731905]
V  [jvm.dll+0x732f1d]
V  [jvm.dll+0x733535]
V  [jvm.dll+0x7334eb]
V  [jvm.dll+0x5fb080]
V  [jvm.dll+0x5fb818]
C  [ntdll.dll+0xa8b1f]
C  [ntdll.dll+0x35b9a]
C  [ntdll.dll+0xa7b2e]
C  0x0000021dc530112d

VM_Operation (0x000000f1ed0fdf60): G1CollectForAllocation, mode: safepoint, requested by thread 0x0000021de326e800


---------------  P R O C E S S  ---------------

Threads class SMR info:
_java_thread_list=0x0000021de5207cd0, length=146, elements={
0x0000021dc17f0800, 0x0000021ddbc94800, 0x0000021ddbc9e000, 0x0000021ddc644800,
0x0000021ddc648000, 0x0000021ddc649800, 0x0000021ddc64b000, 0x0000021ddc651000,
0x0000021ddbcc1800, 0x0000021ddc79b800, 0x0000021ddd599000, 0x0000021ddd446800,
0x0000021dde814000, 0x0000021ddd484800, 0x0000021ddd416000, 0x0000021ddcc05800,
0x0000021ddcc06800, 0x0000021dded1f000, 0x0000021dded1c000, 0x0000021dded1a000,
0x0000021dded1c800, 0x0000021dded1b000, 0x0000021dded18800, 0x0000021dded17000,
0x0000021dded1d800, 0x0000021dded18000, 0x0000021dded19800, 0x0000021ddf4b8800,
0x0000021ddf4bb000, 0x0000021ddf4bd800, 0x0000021ddf4bb800, 0x0000021ddf4c2000,
0x0000021ddf4c0800, 0x0000021ddf4bf800, 0x0000021ddf4bc800, 0x0000021ddf4c3000,
0x0000021ddf4c1800, 0x0000021ddf4c4000, 0x0000021ddf4be000, 0x0000021ddf4c4800,
0x0000021ddf4bf000, 0x0000021ddf4c5800, 0x0000021ddf4c6000, 0x0000021ddf4c7000,
0x0000021de0e8b800, 0x0000021de0e8c800, 0x0000021de0e8e000, 0x0000021de0e8d000,
0x0000021de0e88800, 0x0000021de0e89000, 0x0000021de0e8f000, 0x0000021de0e8f800,
0x0000021de0e8a000, 0x0000021de0e90800, 0x0000021de0e8a800, 0x0000021de0e94800,
0x0000021de0e97000, 0x0000021de0e92000, 0x0000021de0e91000, 0x0000021de0e93000,
0x0000021de0e95800, 0x0000021de0e93800, 0x0000021de0e96000, 0x0000021ddf1c6000,
0x0000021ddf1c7000, 0x0000021ddf1c5000, 0x0000021ddf1c2800, 0x0000021ddf1c1000,
0x0000021ddf1c7800, 0x0000021ddf1c2000, 0x0000021ddf1c4800, 0x0000021ddf1c8800,
0x0000021ddf1c9000, 0x0000021ddf1c3800, 0x0000021ddf1d0000, 0x0000021ddf1cf000,
0x0000021ddf1cb000, 0x0000021ddf1ca000, 0x0000021ddf1cb800, 0x0000021ddf1ce000,
0x0000021ddf1cc800, 0x0000021ddf1cd800, 0x0000021de0931000, 0x0000021de0930800,
0x0000021de0932000, 0x0000021de092c800, 0x0000021de092f800, 0x0000021de0933000,
0x0000021de092e000, 0x0000021de092d000, 0x0000021de092e800, 0x0000021de14bb000,
0x0000021de14bb800, 0x0000021de14bc800, 0x0000021de14bd800, 0x0000021de14b7800,
0x0000021de14ba000, 0x0000021de14be000, 0x0000021de14b8800, 0x0000021de14bf000,
0x0000021de14b9000, 0x0000021de14c1800, 0x0000021de14c0800, 0x0000021de14c0000,
0x0000021de14c3000, 0x0000021de14c5800, 0x0000021de14c2000, 0x0000021de14c4000,
0x0000021de14c4800, 0x0000021de14c6800, 0x0000021ddf184000, 0x0000021ddf185000,
0x0000021ddf187800, 0x0000021ddf186000, 0x0000021ddf189000, 0x0000021ddf183800,
0x0000021ddf186800, 0x0000021ddf18d000, 0x0000021ddf18e000, 0x0000021ddf188800,
0x0000021ddf18f000, 0x0000021ddf18a000, 0x0000021ddf18b800, 0x0000021ddf190800,
0x0000021ddf18a800, 0x0000021ddf191800, 0x0000021ddf192000, 0x0000021ddf18c800,
0x0000021de4d90800, 0x0000021de4d93000, 0x0000021de4d91800, 0x0000021de4d94000,
0x0000021de4d97000, 0x0000021de4d96800, 0x0000021de3265000, 0x0000021de3266000,
0x0000021de3267800, 0x0000021de3266800, 0x0000021de3263800, 0x0000021de326a000,
0x0000021de3264000, 0x0000021de326c800, 0x0000021de326d000, 0x0000021de326a800,
0x0000021de3271000, 0x0000021de326e800
}

Java Threads: ( => current thread )
  0x0000021dc17f0800 JavaThread "main" [_thread_blocked, id=17696, stack(0x000000f1e2f00000,0x000000f1e3000000)]
  0x0000021ddbc94800 JavaThread "Reference Handler" daemon [_thread_blocked, id=19352, stack(0x000000f1e3600000,0x000000f1e3700000)]
  0x0000021ddbc9e000 JavaThread "Finalizer" daemon [_thread_blocked, id=19900, stack(0x000000f1e3700000,0x000000f1e3800000)]
  0x0000021ddc644800 JavaThread "Signal Dispatcher" daemon [_thread_blocked, id=6312, stack(0x000000f1e3800000,0x000000f1e3900000)]
  0x0000021ddc648000 JavaThread "Attach Listener" daemon [_thread_blocked, id=916, stack(0x000000f1e3900000,0x000000f1e3a00000)]
  0x0000021ddc649800 JavaThread "Service Thread" daemon [_thread_blocked, id=20624, stack(0x000000f1e3a00000,0x000000f1e3b00000)]
  0x0000021ddc64b000 JavaThread "C2 CompilerThread0" daemon [_thread_blocked, id=14396, stack(0x000000f1e3b00000,0x000000f1e3c00000)]
  0x0000021ddc651000 JavaThread "C1 CompilerThread0" daemon [_thread_blocked, id=8720, stack(0x000000f1e3c00000,0x000000f1e3d00000)]
  0x0000021ddbcc1800 JavaThread "Sweeper thread" daemon [_thread_blocked, id=17036, stack(0x000000f1e3d00000,0x000000f1e3e00000)]
  0x0000021ddc79b800 JavaThread "Common-Cleaner" daemon [_thread_blocked, id=17684, stack(0x000000f1e3e00000,0x000000f1e3f00000)]
  0x0000021ddd599000 JavaThread "Daemon health stats" [_thread_blocked, id=16560, stack(0x000000f1e4200000,0x000000f1e4300000)]
  0x0000021ddd446800 JavaThread "Incoming local TCP Connector on port 54021" [_thread_in_native, id=23084, stack(0x000000f1e4300000,0x000000f1e4400000)]
  0x0000021dde814000 JavaThread "Daemon periodic checks" [_thread_blocked, id=23224, stack(0x000000f1e4400000,0x000000f1e4500000)]
  0x0000021ddd484800 JavaThread "Daemon" [_thread_blocked, id=11900, stack(0x000000f1e4500000,0x000000f1e4600000)]
  0x0000021ddd416000 JavaThread "Handler for socket connection from /127.0.0.1:54021 to /127.0.0.1:54022" [_thread_in_native, id=9252, stack(0x000000f1e4600000,0x000000f1e4700000)]
  0x0000021ddcc05800 JavaThread "Cancel handler" [_thread_blocked, id=23368, stack(0x000000f1e4700000,0x000000f1e4800000)]
  0x0000021ddcc06800 JavaThread "Daemon worker" [_thread_blocked, id=9256, stack(0x000000f1e4800000,0x000000f1e4900000)]
  0x0000021dded1f000 JavaThread "Asynchronous log dispatcher for DefaultDaemonConnection: socket connection from /127.0.0.1:54021 to /127.0.0.1:54022" [_thread_blocked, id=1936, stack(0x000000f1e4900000,0x000000f1e4a00000)]
  0x0000021dded1c000 JavaThread "Daemon client event forwarder" [_thread_blocked, id=6220, stack(0x000000f1e4b00000,0x000000f1e4c00000)]
  0x0000021dded1a000 JavaThread "Cache worker for journal cache (C:\Users\Jhoan Ocampo\.gradle\caches\journal-1)" [_thread_blocked, id=20488, stack(0x000000f1e5100000,0x000000f1e5200000)]
  0x0000021dded1c800 JavaThread "File lock request listener" [_thread_in_native, id=17220, stack(0x000000f1e5200000,0x000000f1e5300000)]
  0x0000021dded1b000 JavaThread "Cache worker for file hash cache (C:\Users\Jhoan Ocampo\.gradle\caches\7.3.3\fileHashes)" [_thread_blocked, id=22096, stack(0x000000f1e5300000,0x000000f1e5400000)]
  0x0000021dded18800 JavaThread "Cache worker for file hash cache (D:\Moviles\Mylogin\.gradle\7.3.3\fileHashes)" [_thread_blocked, id=18068, stack(0x000000f1e5500000,0x000000f1e5600000)]
  0x0000021dded17000 JavaThread "File watcher server" daemon [_thread_blocked, id=22384, stack(0x000000f1e5600000,0x000000f1e5700000)]
  0x0000021dded1d800 JavaThread "File watcher consumer" daemon [_thread_blocked, id=20580, stack(0x000000f1e5700000,0x000000f1e5800000)]
  0x0000021dded18000 JavaThread "Cache worker for checksums cache (D:\Moviles\Mylogin\.gradle\7.3.3\checksums)" [_thread_blocked, id=11948, stack(0x000000f1e5800000,0x000000f1e5900000)]
  0x0000021dded19800 JavaThread "Cache worker for cache directory md-supplier (C:\Users\Jhoan Ocampo\.gradle\caches\7.3.3\md-supplier)" [_thread_blocked, id=4884, stack(0x000000f1e5900000,0x000000f1e5a00000)]
  0x0000021ddf4b8800 JavaThread "Cache worker for cache directory md-rule (C:\Users\Jhoan Ocampo\.gradle\caches\7.3.3\md-rule)" [_thread_blocked, id=9300, stack(0x000000f1e5a00000,0x000000f1e5b00000)]
  0x0000021ddf4bb000 JavaThread "Cache worker for execution history cache (C:\Users\Jhoan Ocampo\.gradle\caches\7.3.3\executionHistory)" [_thread_blocked, id=17568, stack(0x000000f1e5b00000,0x000000f1e5c00000)]
  0x0000021ddf4bd800 JavaThread "jar transforms" [_thread_blocked, id=22756, stack(0x000000f1e5c00000,0x000000f1e5d00000)]
  0x0000021ddf4bb800 JavaThread "Cache worker for file content cache (C:\Users\Jhoan Ocampo\.gradle\caches\7.3.3\fileContent)" [_thread_blocked, id=17484, stack(0x000000f1e5d00000,0x000000f1e5e00000)]
  0x0000021ddf4c2000 JavaThread "jar transforms Thread 2" [_thread_blocked, id=300, stack(0x000000f1e5e00000,0x000000f1e5f00000)]
  0x0000021ddf4c0800 JavaThread "Cache worker for dependencies-accessors (D:\Moviles\Mylogin\.gradle\7.3.3\dependencies-accessors)" [_thread_blocked, id=9264, stack(0x000000f1e5f00000,0x000000f1e6000000)]
  0x0000021ddf4bf800 JavaThread "jar transforms Thread 3" [_thread_blocked, id=20520, stack(0x000000f1e6000000,0x000000f1e6100000)]
  0x0000021ddf4bc800 JavaThread "Cache worker for Build Output Cleanup Cache (D:\Moviles\Mylogin\.gradle\buildOutputCleanup)" [_thread_blocked, id=23404, stack(0x000000f1e6100000,0x000000f1e6200000)]
  0x0000021ddf4c3000 JavaThread "Unconstrained build operations" [_thread_blocked, id=21628, stack(0x000000f1e6200000,0x000000f1e6300000)]
  0x0000021ddf4c1800 JavaThread "Unconstrained build operations Thread 2" [_thread_blocked, id=19296, stack(0x000000f1e6300000,0x000000f1e6400000)]
  0x0000021ddf4c4000 JavaThread "Unconstrained build operations Thread 3" [_thread_blocked, id=20196, stack(0x000000f1e6400000,0x000000f1e6500000)]
  0x0000021ddf4be000 JavaThread "Unconstrained build operations Thread 4" [_thread_blocked, id=11952, stack(0x000000f1e6500000,0x000000f1e6600000)]
  0x0000021ddf4c4800 JavaThread "Unconstrained build operations Thread 5" [_thread_blocked, id=5680, stack(0x000000f1e6600000,0x000000f1e6700000)]
  0x0000021ddf4bf000 JavaThread "Unconstrained build operations Thread 6" [_thread_blocked, id=19052, stack(0x000000f1e6700000,0x000000f1e6800000)]
  0x0000021ddf4c5800 JavaThread "Unconstrained build operations Thread 7" [_thread_blocked, id=9172, stack(0x000000f1e6800000,0x000000f1e6900000)]
  0x0000021ddf4c6000 JavaThread "Unconstrained build operations Thread 8" [_thread_blocked, id=18208, stack(0x000000f1e6900000,0x000000f1e6a00000)]
  0x0000021ddf4c7000 JavaThread "Unconstrained build operations Thread 9" [_thread_blocked, id=5348, stack(0x000000f1e6a00000,0x000000f1e6b00000)]
  0x0000021de0e8b800 JavaThread "Unconstrained build operations Thread 10" [_thread_blocked, id=2520, stack(0x000000f1e6b00000,0x000000f1e6c00000)]
  0x0000021de0e8c800 JavaThread "Unconstrained build operations Thread 11" [_thread_blocked, id=19628, stack(0x000000f1e6c00000,0x000000f1e6d00000)]
  0x0000021de0e8e000 JavaThread "Unconstrained build operations Thread 12" [_thread_blocked, id=21588, stack(0x000000f1e6d00000,0x000000f1e6e00000)]
  0x0000021de0e8d000 JavaThread "Unconstrained build operations Thread 13" [_thread_blocked, id=19700, stack(0x000000f1e6e00000,0x000000f1e6f00000)]
  0x0000021de0e88800 JavaThread "Unconstrained build operations Thread 14" [_thread_blocked, id=8816, stack(0x000000f1e6f00000,0x000000f1e7000000)]
  0x0000021de0e89000 JavaThread "Unconstrained build operations Thread 15" [_thread_blocked, id=19664, stack(0x000000f1e7000000,0x000000f1e7100000)]
  0x0000021de0e8f000 JavaThread "Unconstrained build operations Thread 16" [_thread_blocked, id=17228, stack(0x000000f1e7100000,0x000000f1e7200000)]
  0x0000021de0e8f800 JavaThread "Unconstrained build operations Thread 17" [_thread_blocked, id=17424, stack(0x000000f1e7200000,0x000000f1e7300000)]
  0x0000021de0e8a000 JavaThread "Unconstrained build operations Thread 18" [_thread_blocked, id=2504, stack(0x000000f1e7300000,0x000000f1e7400000)]
  0x0000021de0e90800 JavaThread "Unconstrained build operations Thread 19" [_thread_blocked, id=4908, stack(0x000000f1e7400000,0x000000f1e7500000)]
  0x0000021de0e8a800 JavaThread "Unconstrained build operations Thread 20" [_thread_blocked, id=17360, stack(0x000000f1e7500000,0x000000f1e7600000)]
  0x0000021de0e94800 JavaThread "Unconstrained build operations Thread 21" [_thread_blocked, id=19112, stack(0x000000f1e7600000,0x000000f1e7700000)]
  0x0000021de0e97000 JavaThread "Unconstrained build operations Thread 22" [_thread_blocked, id=16632, stack(0x000000f1e7700000,0x000000f1e7800000)]
  0x0000021de0e92000 JavaThread "Unconstrained build operations Thread 23" [_thread_blocked, id=6424, stack(0x000000f1e7800000,0x000000f1e7900000)]
  0x0000021de0e91000 JavaThread "Unconstrained build operations Thread 24" [_thread_blocked, id=22964, stack(0x000000f1e7900000,0x000000f1e7a00000)]
  0x0000021de0e93000 JavaThread "Unconstrained build operations Thread 25" [_thread_blocked, id=13524, stack(0x000000f1e7a00000,0x000000f1e7b00000)]
  0x0000021de0e95800 JavaThread "Unconstrained build operations Thread 26" [_thread_blocked, id=17872, stack(0x000000f1e7b00000,0x000000f1e7c00000)]
  0x0000021de0e93800 JavaThread "Unconstrained build operations Thread 27" [_thread_blocked, id=7496, stack(0x000000f1e7c00000,0x000000f1e7d00000)]
  0x0000021de0e96000 JavaThread "Unconstrained build operations Thread 28" [_thread_blocked, id=12948, stack(0x000000f1e7d00000,0x000000f1e7e00000)]
  0x0000021ddf1c6000 JavaThread "Unconstrained build operations Thread 29" [_thread_blocked, id=12624, stack(0x000000f1e7e00000,0x000000f1e7f00000)]
  0x0000021ddf1c7000 JavaThread "Unconstrained build operations Thread 30" [_thread_blocked, id=7724, stack(0x000000f1e7f00000,0x000000f1e8000000)]
  0x0000021ddf1c5000 JavaThread "Unconstrained build operations Thread 31" [_thread_blocked, id=5496, stack(0x000000f1e8000000,0x000000f1e8100000)]
  0x0000021ddf1c2800 JavaThread "Unconstrained build operations Thread 32" [_thread_blocked, id=5952, stack(0x000000f1e8100000,0x000000f1e8200000)]
  0x0000021ddf1c1000 JavaThread "Unconstrained build operations Thread 33" [_thread_blocked, id=12484, stack(0x000000f1e8200000,0x000000f1e8300000)]
  0x0000021ddf1c7800 JavaThread "Unconstrained build operations Thread 34" [_thread_blocked, id=17588, stack(0x000000f1e8300000,0x000000f1e8400000)]
  0x0000021ddf1c2000 JavaThread "Unconstrained build operations Thread 35" [_thread_blocked, id=12920, stack(0x000000f1e8400000,0x000000f1e8500000)]
  0x0000021ddf1c4800 JavaThread "Unconstrained build operations Thread 36" [_thread_blocked, id=18776, stack(0x000000f1e8500000,0x000000f1e8600000)]
  0x0000021ddf1c8800 JavaThread "Unconstrained build operations Thread 37" [_thread_blocked, id=9784, stack(0x000000f1e8600000,0x000000f1e8700000)]
  0x0000021ddf1c9000 JavaThread "Unconstrained build operations Thread 38" [_thread_blocked, id=5204, stack(0x000000f1e8700000,0x000000f1e8800000)]
  0x0000021ddf1c3800 JavaThread "Unconstrained build operations Thread 39" [_thread_blocked, id=16776, stack(0x000000f1e8800000,0x000000f1e8900000)]
  0x0000021ddf1d0000 JavaThread "Unconstrained build operations Thread 40" [_thread_blocked, id=1724, stack(0x000000f1e8900000,0x000000f1e8a00000)]
  0x0000021ddf1cf000 JavaThread "Unconstrained build operations Thread 41" [_thread_blocked, id=21432, stack(0x000000f1e8a00000,0x000000f1e8b00000)]
  0x0000021ddf1cb000 JavaThread "Unconstrained build operations Thread 42" [_thread_blocked, id=5984, stack(0x000000f1e8b00000,0x000000f1e8c00000)]
  0x0000021ddf1ca000 JavaThread "Unconstrained build operations Thread 43" [_thread_blocked, id=18752, stack(0x000000f1e8c00000,0x000000f1e8d00000)]
  0x0000021ddf1cb800 JavaThread "Unconstrained build operations Thread 44" [_thread_blocked, id=19992, stack(0x000000f1e8d00000,0x000000f1e8e00000)]
  0x0000021ddf1ce000 JavaThread "Unconstrained build operations Thread 45" [_thread_blocked, id=3056, stack(0x000000f1e8e00000,0x000000f1e8f00000)]
  0x0000021ddf1cc800 JavaThread "Unconstrained build operations Thread 46" [_thread_blocked, id=18904, stack(0x000000f1e8f00000,0x000000f1e9000000)]
  0x0000021ddf1cd800 JavaThread "Unconstrained build operations Thread 47" [_thread_blocked, id=22336, stack(0x000000f1e9000000,0x000000f1e9100000)]
  0x0000021de0931000 JavaThread "Unconstrained build operations Thread 48" [_thread_blocked, id=19368, stack(0x000000f1e9100000,0x000000f1e9200000)]
  0x0000021de0930800 JavaThread "Unconstrained build operations Thread 49" [_thread_blocked, id=5844, stack(0x000000f1e9200000,0x000000f1e9300000)]
  0x0000021de0932000 JavaThread "Unconstrained build operations Thread 50" [_thread_blocked, id=20380, stack(0x000000f1e9300000,0x000000f1e9400000)]
  0x0000021de092c800 JavaThread "Unconstrained build operations Thread 51" [_thread_blocked, id=12204, stack(0x000000f1e9400000,0x000000f1e9500000)]
  0x0000021de092f800 JavaThread "Unconstrained build operations Thread 52" [_thread_blocked, id=20684, stack(0x000000f1e9500000,0x000000f1e9600000)]
  0x0000021de0933000 JavaThread "Unconstrained build operations Thread 53" [_thread_blocked, id=23328, stack(0x000000f1e9600000,0x000000f1e9700000)]
  0x0000021de092e000 JavaThread "Unconstrained build operations Thread 54" [_thread_blocked, id=15472, stack(0x000000f1e9700000,0x000000f1e9800000)]
  0x0000021de092d000 JavaThread "Unconstrained build operations Thread 55" [_thread_blocked, id=17740, stack(0x000000f1e9800000,0x000000f1e9900000)]
  0x0000021de092e800 JavaThread "Unconstrained build operations Thread 56" [_thread_blocked, id=20144, stack(0x000000f1e9900000,0x000000f1e9a00000)]
  0x0000021de14bb000 JavaThread "Unconstrained build operations Thread 57" [_thread_blocked, id=18148, stack(0x000000f1e9a00000,0x000000f1e9b00000)]
  0x0000021de14bb800 JavaThread "Unconstrained build operations Thread 58" [_thread_blocked, id=23144, stack(0x000000f1e9b00000,0x000000f1e9c00000)]
  0x0000021de14bc800 JavaThread "Unconstrained build operations Thread 59" [_thread_blocked, id=20600, stack(0x000000f1e9c00000,0x000000f1e9d00000)]
  0x0000021de14bd800 JavaThread "Unconstrained build operations Thread 60" [_thread_blocked, id=22892, stack(0x000000f1e9d00000,0x000000f1e9e00000)]
  0x0000021de14b7800 JavaThread "Unconstrained build operations Thread 61" [_thread_blocked, id=4984, stack(0x000000f1e9e00000,0x000000f1e9f00000)]
  0x0000021de14ba000 JavaThread "Unconstrained build operations Thread 62" [_thread_blocked, id=6112, stack(0x000000f1e9f00000,0x000000f1ea000000)]
  0x0000021de14be000 JavaThread "Unconstrained build operations Thread 63" [_thread_blocked, id=2640, stack(0x000000f1ea000000,0x000000f1ea100000)]
  0x0000021de14b8800 JavaThread "Unconstrained build operations Thread 64" [_thread_blocked, id=14872, stack(0x000000f1ea100000,0x000000f1ea200000)]
  0x0000021de14bf000 JavaThread "Unconstrained build operations Thread 65" [_thread_blocked, id=8420, stack(0x000000f1ea200000,0x000000f1ea300000)]
  0x0000021de14b9000 JavaThread "Unconstrained build operations Thread 66" [_thread_blocked, id=15584, stack(0x000000f1ea300000,0x000000f1ea400000)]
  0x0000021de14c1800 JavaThread "Unconstrained build operations Thread 67" [_thread_blocked, id=21256, stack(0x000000f1ea400000,0x000000f1ea500000)]
  0x0000021de14c0800 JavaThread "Unconstrained build operations Thread 68" [_thread_blocked, id=21060, stack(0x000000f1ea500000,0x000000f1ea600000)]
  0x0000021de14c0000 JavaThread "Unconstrained build operations Thread 69" [_thread_blocked, id=19344, stack(0x000000f1ea600000,0x000000f1ea700000)]
  0x0000021de14c3000 JavaThread "Unconstrained build operations Thread 70" [_thread_blocked, id=1340, stack(0x000000f1ea700000,0x000000f1ea800000)]
  0x0000021de14c5800 JavaThread "Unconstrained build operations Thread 71" [_thread_blocked, id=4972, stack(0x000000f1ea800000,0x000000f1ea900000)]
  0x0000021de14c2000 JavaThread "Unconstrained build operations Thread 72" [_thread_blocked, id=20636, stack(0x000000f1ea900000,0x000000f1eaa00000)]
  0x0000021de14c4000 JavaThread "Unconstrained build operations Thread 73" [_thread_blocked, id=1480, stack(0x000000f1eaa00000,0x000000f1eab00000)]
  0x0000021de14c4800 JavaThread "Unconstrained build operations Thread 74" [_thread_blocked, id=20168, stack(0x000000f1eab00000,0x000000f1eac00000)]
  0x0000021de14c6800 JavaThread "Unconstrained build operations Thread 75" [_thread_blocked, id=15740, stack(0x000000f1eac00000,0x000000f1ead00000)]
  0x0000021ddf184000 JavaThread "Unconstrained build operations Thread 76" [_thread_blocked, id=17452, stack(0x000000f1ead00000,0x000000f1eae00000)]
  0x0000021ddf185000 JavaThread "Unconstrained build operations Thread 77" [_thread_blocked, id=1712, stack(0x000000f1eae00000,0x000000f1eaf00000)]
  0x0000021ddf187800 JavaThread "Unconstrained build operations Thread 78" [_thread_blocked, id=20876, stack(0x000000f1eaf00000,0x000000f1eb000000)]
  0x0000021ddf186000 JavaThread "Unconstrained build operations Thread 79" [_thread_blocked, id=9532, stack(0x000000f1eb000000,0x000000f1eb100000)]
  0x0000021ddf189000 JavaThread "Unconstrained build operations Thread 80" [_thread_blocked, id=17280, stack(0x000000f1eb100000,0x000000f1eb200000)]
  0x0000021ddf183800 JavaThread "jar transforms Thread 4" [_thread_blocked, id=20108, stack(0x000000f1eb200000,0x000000f1eb300000)]
  0x0000021ddf186800 JavaThread "jar transforms Thread 5" [_thread_blocked, id=11892, stack(0x000000f1eb300000,0x000000f1eb400000)]
  0x0000021ddf18d000 JavaThread "jar transforms Thread 6" [_thread_blocked, id=14524, stack(0x000000f1eb400000,0x000000f1eb500000)]
  0x0000021ddf18e000 JavaThread "jar transforms Thread 7" [_thread_blocked, id=2112, stack(0x000000f1eb500000,0x000000f1eb600000)]
  0x0000021ddf188800 JavaThread "jar transforms Thread 8" [_thread_blocked, id=4668, stack(0x000000f1eb600000,0x000000f1eb700000)]
  0x0000021ddf18f000 JavaThread "Memory manager" [_thread_blocked, id=5864, stack(0x000000f1eb700000,0x000000f1eb800000)]
  0x0000021ddf18a000 JavaThread "build event listener" [_thread_blocked, id=21332, stack(0x000000f1ebb00000,0x000000f1ebc00000)]
  0x0000021ddf18b800 JavaThread "pool-3-thread-1" [_thread_blocked, id=1668, stack(0x000000f1ebc00000,0x000000f1ebd00000)]
  0x0000021ddf190800 JavaThread "build event listener" [_thread_blocked, id=17772, stack(0x000000f1ebd00000,0x000000f1ebe00000)]
  0x0000021ddf18a800 JavaThread "Execution worker for ':'" [_thread_blocked, id=16480, stack(0x000000f1ebe00000,0x000000f1ebf00000)]
  0x0000021ddf191800 JavaThread "Execution worker for ':' Thread 2" [_thread_blocked, id=12108, stack(0x000000f1ebf00000,0x000000f1ec000000)]
  0x0000021ddf192000 JavaThread "Execution worker for ':' Thread 3" [_thread_blocked, id=11664, stack(0x000000f1ec000000,0x000000f1ec100000)]
  0x0000021ddf18c800 JavaThread "Execution worker for ':' Thread 4" [_thread_blocked, id=2884, stack(0x000000f1ec100000,0x000000f1ec200000)]
  0x0000021de4d90800 JavaThread "Execution worker for ':' Thread 5" [_thread_blocked, id=11104, stack(0x000000f1ec200000,0x000000f1ec300000)]
  0x0000021de4d93000 JavaThread "Execution worker for ':' Thread 6" [_thread_blocked, id=19792, stack(0x000000f1ec300000,0x000000f1ec400000)]
  0x0000021de4d91800 JavaThread "Execution worker for ':' Thread 7" [_thread_blocked, id=5752, stack(0x000000f1ec400000,0x000000f1ec500000)]
  0x0000021de4d94000 JavaThread "Cache worker for execution history cache (D:\Moviles\Mylogin\.gradle\7.3.3\executionHistory)" [_thread_blocked, id=22256, stack(0x000000f1ec500000,0x000000f1ec600000)]
  0x0000021de4d97000 JavaThread "WorkerExecutor Queue" [_thread_blocked, id=21448, stack(0x000000f1ec600000,0x000000f1ec700000)]
  0x0000021de4d96800 JavaThread "WorkerExecutor Queue Thread 5" [_thread_blocked, id=20200, stack(0x000000f1ec800000,0x000000f1ec900000)]
  0x0000021de3265000 JavaThread "WorkerExecutor Queue Thread 6" [_thread_blocked, id=13936, stack(0x000000f1ec900000,0x000000f1eca00000)]
  0x0000021de3266000 JavaThread "pool-4-thread-1" [_thread_blocked, id=15344, stack(0x000000f1ecb00000,0x000000f1ecc00000)]
  0x0000021de3267800 JavaThread "stderr" [_thread_in_native, id=5988, stack(0x000000f1ecc00000,0x000000f1ecd00000)]
  0x0000021de3266800 JavaThread "stdout" [_thread_in_native, id=6200, stack(0x000000f1ecd00000,0x000000f1ece00000)]
  0x0000021de3263800 JavaThread "ForkJoinPool-1-worker-3" daemon [_thread_blocked, id=21292, stack(0x000000f1e2d00000,0x000000f1e2e00000)]
  0x0000021de326a000 JavaThread "ForkJoinPool-1-worker-5" daemon [_thread_blocked, id=17368, stack(0x000000f1e2e00000,0x000000f1e2f00000)]
  0x0000021de3264000 JavaThread "ForkJoinPool-1-worker-7" daemon [_thread_blocked, id=560, stack(0x000000f1e4a00000,0x000000f1e4b00000)]
  0x0000021de326c800 JavaThread "ForkJoinPool-1-worker-9" daemon [_thread_blocked, id=12392, stack(0x000000f1ec700000,0x000000f1ec800000)]
  0x0000021de326d000 JavaThread "ForkJoinPool-1-worker-11" daemon [_thread_blocked, id=17596, stack(0x000000f1eca00000,0x000000f1ecb00000)]
  0x0000021de326a800 JavaThread "ForkJoinPool-1-worker-13" daemon [_thread_blocked, id=22788, stack(0x000000f1ece00000,0x000000f1ecf00000)]
  0x0000021de3271000 JavaThread "ForkJoinPool-1-worker-15" daemon [_thread_blocked, id=16800, stack(0x000000f1ecf00000,0x000000f1ed000000)]
  0x0000021de326e800 JavaThread "ForkJoinPool-1-worker-1" daemon [_thread_blocked, id=19388, stack(0x000000f1ed000000,0x000000f1ed100000)]

Other Threads:
=>0x0000021ddbc92000 VMThread "VM Thread" [stack: 0x000000f1e3500000,0x000000f1e3600000] [id=17468]
  0x0000021ddc7b0000 WatcherThread [stack: 0x000000f1e3f00000,0x000000f1e4000000] [id=7600]
  0x0000021dc1808000 GCTaskThread "GC Thread#0" [stack: 0x000000f1e3000000,0x000000f1e3100000] [id=22036]
  0x0000021ddd465800 GCTaskThread "GC Thread#1" [stack: 0x000000f1e4000000,0x000000f1e4100000] [id=2776]
  0x0000021ddd4d5800 GCTaskThread "GC Thread#2" [stack: 0x000000f1e4100000,0x000000f1e4200000] [id=20088]
  0x0000021ddd2ca800 GCTaskThread "GC Thread#3" [stack: 0x000000f1e4c00000,0x000000f1e4d00000] [id=19836]
  0x0000021dde639800 GCTaskThread "GC Thread#4" [stack: 0x000000f1e4d00000,0x000000f1e4e00000] [id=13404]
  0x0000021dde69b800 GCTaskThread "GC Thread#5" [stack: 0x000000f1e4e00000,0x000000f1e4f00000] [id=8716]
  0x0000021dde693800 GCTaskThread "GC Thread#6" [stack: 0x000000f1e4f00000,0x000000f1e5000000] [id=17388]
  0x0000021dde694000 GCTaskThread "GC Thread#7" [stack: 0x000000f1e5000000,0x000000f1e5100000] [id=18640]
  0x0000021dc183c000 ConcurrentGCThread "G1 Main Marker" [stack: 0x000000f1e3100000,0x000000f1e3200000] [id=9572]
  0x0000021dc183e000 ConcurrentGCThread "G1 Conc#0" [stack: 0x000000f1e3200000,0x000000f1e3300000] [id=17284]
  0x0000021dde722000 ConcurrentGCThread "G1 Conc#1" [stack: 0x000000f1e5400000,0x000000f1e5500000] [id=23548]
  0x0000021ddbae0800 ConcurrentGCThread "G1 Refine#0" [stack: 0x000000f1e3300000,0x000000f1e3400000] [id=3240]
  0x0000021de4ac6800 ConcurrentGCThread "G1 Refine#1" [stack: 0x000000f1eb800000,0x000000f1eb900000] [id=3652]
  0x0000021ddbae1800 ConcurrentGCThread "G1 Young RemSet Sampling" [stack: 0x000000f1e3400000,0x000000f1e3500000] [id=23284]

Threads with active compile tasks:
C2 CompilerThread0  88813 15811 %     4       com.android.tools.r8.dex.j::m @ 64 (2094 bytes)

VM state:at safepoint (normal execution)

VM Mutex/Monitor currently owned by a thread:  ([mutex/lock_event])
[0x0000021dc17ed270] Threads_lock - owner thread: 0x0000021ddbc92000
[0x0000021dc17ede40] Heap_lock - owner thread: 0x0000021de326e800

Heap address: 0x0000000080000000, size: 2048 MB, Compressed Oops mode: 32-bit
Narrow klass base: 0x0000000000000000, Narrow klass shift: 3
Compressed class space size: 1073741824 Address: 0x0000000100000000

Heap:
 garbage-first heap   total 276480K, used 169049K [0x0000000080000000, 0x0000000100000000)
  region size 1024K, 1 young (1024K), 1 survivors (1024K)
 Metaspace       used 111685K, capacity 114607K, committed 114852K, reserved 1148928K
  class space    used 14249K, capacity 15352K, committed 15436K, reserved 1048576K
Heap Regions: E=young(eden), S=young(survivor), O=old, HS=humongous(starts), HC=humongous(continues), CS=collection set, F=free, A=archive, TAMS=top-at-mark-start (previous, next)
|   0|0x0000000080000000, 0x0000000080100000, 0x0000000080100000|100%| O|  |TAMS 0x0000000080100000, 0x0000000080100000| Untracked 
|   1|0x0000000080100000, 0x0000000080200000, 0x0000000080200000|100%| O|  |TAMS 0x0000000080200000, 0x0000000080200000| Untracked 
|   2|0x0000000080200000, 0x0000000080300000, 0x0000000080300000|100%| O|  |TAMS 0x0000000080300000, 0x0000000080300000| Untracked 
|   3|0x0000000080300000, 0x0000000080400000, 0x0000000080400000|100%|HS|  |TAMS 0x0000000080400000, 0x0000000080400000| Complete 
|   4|0x0000000080400000, 0x0000000080500000, 0x0000000080500000|100%|HC|  |TAMS 0x0000000080500000, 0x0000000080500000| Complete 
|   5|0x0000000080500000, 0x0000000080600000, 0x0000000080600000|100%|HC|  |TAMS 0x0000000080600000, 0x0000000080600000| Complete 
|   6|0x0000000080600000, 0x0000000080700000, 0x0000000080700000|100%| O|  |TAMS 0x0000000080700000, 0x0000000080700000| Untracked 
|   7|0x0000000080700000, 0x0000000080800000, 0x0000000080800000|100%| O|  |TAMS 0x0000000080800000, 0x0000000080800000| Untracked 
|   8|0x0000000080800000, 0x0000000080900000, 0x0000000080900000|100%| O|  |TAMS 0x0000000080900000, 0x0000000080900000| Untracked 
|   9|0x0000000080900000, 0x0000000080a00000, 0x0000000080a00000|100%| O|  |TAMS 0x0000000080a00000, 0x0000000080a00000| Untracked 
|  10|0x0000000080a00000, 0x0000000080b00000, 0x0000000080b00000|100%| O|  |TAMS 0x0000000080b00000, 0x0000000080b00000| Untracked 
|  11|0x0000000080b00000, 0x0000000080c00000, 0x0000000080c00000|100%| O|  |TAMS 0x0000000080c00000, 0x0000000080c00000| Untracked 
|  12|0x0000000080c00000, 0x0000000080d00000, 0x0000000080d00000|100%| O|  |TAMS 0x0000000080d00000, 0x0000000080d00000| Untracked 
|  13|0x0000000080d00000, 0x0000000080e00000, 0x0000000080e00000|100%| O|  |TAMS 0x0000000080e00000, 0x0000000080e00000| Untracked 
|  14|0x0000000080e00000, 0x0000000080f00000, 0x0000000080f00000|100%| O|  |TAMS 0x0000000080f00000, 0x0000000080f00000| Untracked 
|  15|0x0000000080f00000, 0x0000000081000000, 0x0000000081000000|100%| O|  |TAMS 0x0000000081000000, 0x0000000081000000| Untracked 
|  16|0x0000000081000000, 0x0000000081100000, 0x0000000081100000|100%|HS|  |TAMS 0x0000000081100000, 0x0000000081100000| Complete 
|  17|0x0000000081100000, 0x0000000081200000, 0x0000000081200000|100%| O|  |TAMS 0x0000000081200000, 0x0000000081200000| Untracked 
|  18|0x0000000081200000, 0x0000000081300000, 0x0000000081300000|100%| O|  |TAMS 0x0000000081300000, 0x0000000081300000| Untracked 
|  19|0x0000000081300000, 0x0000000081400000, 0x0000000081400000|100%| O|  |TAMS 0x0000000081400000, 0x0000000081400000| Untracked 
|  20|0x0000000081400000, 0x0000000081500000, 0x0000000081500000|100%| O|  |TAMS 0x0000000081500000, 0x0000000081500000| Untracked 
|  21|0x0000000081500000, 0x0000000081600000, 0x0000000081600000|100%| O|  |TAMS 0x0000000081600000, 0x0000000081600000| Untracked 
|  22|0x0000000081600000, 0x0000000081700000, 0x0000000081700000|100%| O|  |TAMS 0x0000000081700000, 0x0000000081700000| Untracked 
|  23|0x0000000081700000, 0x0000000081800000, 0x0000000081800000|100%| O|  |TAMS 0x0000000081800000, 0x0000000081800000| Untracked 
|  24|0x0000000081800000, 0x0000000081900000, 0x0000000081900000|100%| O|  |TAMS 0x0000000081900000, 0x0000000081900000| Untracked 
|  25|0x0000000081900000, 0x0000000081a00000, 0x0000000081a00000|100%| O|  |TAMS 0x0000000081a00000, 0x0000000081a00000| Untracked 
|  26|0x0000000081a00000, 0x0000000081b00000, 0x0000000081b00000|100%| O|  |TAMS 0x0000000081b00000, 0x0000000081b00000| Untracked 
|  27|0x0000000081b00000, 0x0000000081c00000, 0x0000000081c00000|100%|HS|  |TAMS 0x0000000081c00000, 0x0000000081c00000| Complete 
|  28|0x0000000081c00000, 0x0000000081d00000, 0x0000000081d00000|100%|HS|  |TAMS 0x0000000081d00000, 0x0000000081d00000| Complete 
|  29|0x0000000081d00000, 0x0000000081e00000, 0x0000000081e00000|100%|HC|  |TAMS 0x0000000081e00000, 0x0000000081e00000| Complete 
|  30|0x0000000081e00000, 0x0000000081f00000, 0x0000000081f00000|100%| O|  |TAMS 0x0000000081f00000, 0x0000000081f00000| Untracked 
|  31|0x0000000081f00000, 0x0000000082000000, 0x0000000082000000|100%| O|  |TAMS 0x0000000082000000, 0x0000000082000000| Untracked 
|  32|0x0000000082000000, 0x0000000082100000, 0x0000000082100000|100%| O|  |TAMS 0x0000000082100000, 0x0000000082100000| Untracked 
|  33|0x0000000082100000, 0x0000000082200000, 0x0000000082200000|100%| O|  |TAMS 0x0000000082200000, 0x0000000082200000| Untracked 
|  34|0x0000000082200000, 0x0000000082300000, 0x0000000082300000|100%| O|  |TAMS 0x0000000082300000, 0x0000000082300000| Untracked 
|  35|0x0000000082300000, 0x0000000082400000, 0x0000000082400000|100%| O|  |TAMS 0x0000000082400000, 0x0000000082400000| Untracked 
|  36|0x0000000082400000, 0x0000000082500000, 0x0000000082500000|100%| O|  |TAMS 0x0000000082500000, 0x0000000082500000| Untracked 
|  37|0x0000000082500000, 0x0000000082600000, 0x0000000082600000|100%| O|  |TAMS 0x0000000082600000, 0x0000000082600000| Untracked 
|  38|0x0000000082600000, 0x0000000082700000, 0x0000000082700000|100%| O|  |TAMS 0x0000000082700000, 0x0000000082700000| Untracked 
|  39|0x0000000082700000, 0x0000000082800000, 0x0000000082800000|100%| O|  |TAMS 0x0000000082800000, 0x0000000082800000| Untracked 
|  40|0x0000000082800000, 0x0000000082900000, 0x0000000082900000|100%| O|  |TAMS 0x0000000082900000, 0x0000000082900000| Untracked 
|  41|0x0000000082900000, 0x0000000082a00000, 0x0000000082a00000|100%| O|  |TAMS 0x0000000082a00000, 0x0000000082a00000| Untracked 
|  42|0x0000000082a00000, 0x0000000082b00000, 0x0000000082b00000|100%| O|  |TAMS 0x0000000082b00000, 0x0000000082b00000| Untracked 
|  43|0x0000000082b00000, 0x0000000082c00000, 0x0000000082c00000|100%| O|  |TAMS 0x0000000082c00000, 0x0000000082c00000| Untracked 
|  44|0x0000000082c00000, 0x0000000082d00000, 0x0000000082d00000|100%| O|  |TAMS 0x0000000082d00000, 0x0000000082d00000| Untracked 
|  45|0x0000000082d00000, 0x0000000082e00000, 0x0000000082e00000|100%| O|  |TAMS 0x0000000082e00000, 0x0000000082e00000| Untracked 
|  46|0x0000000082e00000, 0x0000000082f00000, 0x0000000082f00000|100%| O|  |TAMS 0x0000000082f00000, 0x0000000082f00000| Untracked 
|  47|0x0000000082f00000, 0x0000000083000000, 0x0000000083000000|100%| O|  |TAMS 0x0000000083000000, 0x0000000083000000| Untracked 
|  48|0x0000000083000000, 0x0000000083100000, 0x0000000083100000|100%| O|  |TAMS 0x0000000083100000, 0x0000000083100000| Untracked 
|  49|0x0000000083100000, 0x0000000083200000, 0x0000000083200000|100%| O|  |TAMS 0x0000000083200000, 0x0000000083200000| Untracked 
|  50|0x0000000083200000, 0x0000000083300000, 0x0000000083300000|100%| O|  |TAMS 0x0000000083300000, 0x0000000083300000| Untracked 
|  51|0x0000000083300000, 0x0000000083400000, 0x0000000083400000|100%| O|  |TAMS 0x0000000083400000, 0x0000000083400000| Untracked 
|  52|0x0000000083400000, 0x0000000083500000, 0x0000000083500000|100%| O|  |TAMS 0x0000000083500000, 0x0000000083500000| Untracked 
|  53|0x0000000083500000, 0x0000000083600000, 0x0000000083600000|100%| O|  |TAMS 0x0000000083600000, 0x0000000083600000| Untracked 
|  54|0x0000000083600000, 0x0000000083700000, 0x0000000083700000|100%| O|  |TAMS 0x0000000083700000, 0x0000000083700000| Untracked 
|  55|0x0000000083700000, 0x0000000083800000, 0x0000000083800000|100%| O|  |TAMS 0x0000000083800000, 0x0000000083800000| Untracked 
|  56|0x0000000083800000, 0x0000000083900000, 0x0000000083900000|100%| O|  |TAMS 0x0000000083900000, 0x0000000083900000| Untracked 
|  57|0x0000000083900000, 0x0000000083a00000, 0x0000000083a00000|100%| O|  |TAMS 0x0000000083a00000, 0x0000000083a00000| Untracked 
|  58|0x0000000083a00000, 0x0000000083b00000, 0x0000000083b00000|100%| O|  |TAMS 0x0000000083b00000, 0x0000000083b00000| Untracked 
|  59|0x0000000083b00000, 0x0000000083c00000, 0x0000000083c00000|100%| O|  |TAMS 0x0000000083c00000, 0x0000000083c00000| Untracked 
|  60|0x0000000083c00000, 0x0000000083d00000, 0x0000000083d00000|100%| O|  |TAMS 0x0000000083d00000, 0x0000000083d00000| Untracked 
|  61|0x0000000083d00000, 0x0000000083e00000, 0x0000000083e00000|100%| O|  |TAMS 0x0000000083e00000, 0x0000000083e00000| Untracked 
|  62|0x0000000083e00000, 0x0000000083f00000, 0x0000000083f00000|100%| O|  |TAMS 0x0000000083f00000, 0x0000000083f00000| Untracked 
|  63|0x0000000083f00000, 0x0000000084000000, 0x0000000084000000|100%| O|  |TAMS 0x0000000084000000, 0x0000000084000000| Untracked 
|  64|0x0000000084000000, 0x0000000084100000, 0x0000000084100000|100%| O|  |TAMS 0x0000000084100000, 0x0000000084100000| Untracked 
|  65|0x0000000084100000, 0x0000000084200000, 0x0000000084200000|100%| O|  |TAMS 0x0000000084200000, 0x0000000084200000| Untracked 
|  66|0x0000000084200000, 0x0000000084300000, 0x0000000084300000|100%| O|  |TAMS 0x0000000084200000, 0x0000000084300000| Untracked 
|  67|0x0000000084300000, 0x0000000084400000, 0x0000000084400000|100%| O|  |TAMS 0x0000000084400000, 0x0000000084400000| Untracked 
|  68|0x0000000084400000, 0x0000000084500000, 0x0000000084500000|100%| O|  |TAMS 0x0000000084500000, 0x0000000084500000| Untracked 
|  69|0x0000000084500000, 0x0000000084600000, 0x0000000084600000|100%| O|  |TAMS 0x0000000084600000, 0x0000000084600000| Untracked 
|  70|0x0000000084600000, 0x0000000084700000, 0x0000000084700000|100%| O|  |TAMS 0x0000000084700000, 0x0000000084700000| Untracked 
|  71|0x0000000084700000, 0x0000000084800000, 0x0000000084800000|100%| O|  |TAMS 0x0000000084800000, 0x0000000084800000| Untracked 
|  72|0x0000000084800000, 0x0000000084900000, 0x0000000084900000|100%| O|  |TAMS 0x0000000084800000, 0x0000000084900000| Untracked 
|  73|0x0000000084900000, 0x0000000084a00000, 0x0000000084a00000|100%| O|  |TAMS 0x0000000084a00000, 0x0000000084a00000| Untracked 
|  74|0x0000000084a00000, 0x0000000084b00000, 0x0000000084b00000|100%| O|  |TAMS 0x0000000084b00000, 0x0000000084b00000| Untracked 
|  75|0x0000000084b00000, 0x0000000084c00000, 0x0000000084c00000|100%| O|  |TAMS 0x0000000084b00000, 0x0000000084c00000| Untracked 
|  76|0x0000000084c00000, 0x0000000084d00000, 0x0000000084d00000|100%| O|  |TAMS 0x0000000084c00000, 0x0000000084c97c08| Untracked 
|  77|0x0000000084d00000, 0x0000000084e00000, 0x0000000084e00000|100%| O|  |TAMS 0x0000000084e00000, 0x0000000084e00000| Untracked 
|  78|0x0000000084e00000, 0x0000000084f00000, 0x0000000084f00000|100%| O|  |TAMS 0x0000000084f00000, 0x0000000084f00000| Untracked 
|  79|0x0000000084f00000, 0x0000000085000000, 0x0000000085000000|100%| O|  |TAMS 0x0000000085000000, 0x0000000085000000| Untracked 
|  80|0x0000000085000000, 0x0000000085100000, 0x0000000085100000|100%| O|  |TAMS 0x0000000085100000, 0x0000000085100000| Untracked 
|  81|0x0000000085100000, 0x0000000085200000, 0x0000000085200000|100%| O|  |TAMS 0x0000000085200000, 0x0000000085200000| Untracked 
|  82|0x0000000085200000, 0x0000000085300000, 0x0000000085300000|100%| O|  |TAMS 0x0000000085300000, 0x0000000085300000| Untracked 
|  83|0x0000000085300000, 0x0000000085400000, 0x0000000085400000|100%| O|  |TAMS 0x0000000085300000, 0x0000000085300000| Untracked 
|  84|0x0000000085400000, 0x0000000085500000, 0x0000000085500000|100%| O|  |TAMS 0x0000000085400000, 0x0000000085400000| Untracked 
|  85|0x0000000085500000, 0x0000000085600000, 0x0000000085600000|100%| O|  |TAMS 0x0000000085600000, 0x0000000085600000| Untracked 
|  86|0x0000000085600000, 0x0000000085700000, 0x0000000085700000|100%| O|  |TAMS 0x0000000085700000, 0x0000000085700000| Untracked 
|  87|0x0000000085700000, 0x0000000085800000, 0x0000000085800000|100%| O|  |TAMS 0x0000000085800000, 0x0000000085800000| Untracked 
|  88|0x0000000085800000, 0x0000000085900000, 0x0000000085900000|100%| O|  |TAMS 0x0000000085900000, 0x0000000085900000| Untracked 
|  89|0x0000000085900000, 0x0000000085a00000, 0x0000000085a00000|100%| O|  |TAMS 0x0000000085a00000, 0x0000000085a00000| Untracked 
|  90|0x0000000085a00000, 0x0000000085b00000, 0x0000000085b00000|100%| O|  |TAMS 0x0000000085a00000, 0x0000000085a00000| Untracked 
|  91|0x0000000085b00000, 0x0000000085c00000, 0x0000000085c00000|100%| O|  |TAMS 0x0000000085b00000, 0x0000000085b00000| Untracked 
|  92|0x0000000085c00000, 0x0000000085d00000, 0x0000000085d00000|100%|HS|  |TAMS 0x0000000085d00000, 0x0000000085d00000| Complete 
|  93|0x0000000085d00000, 0x0000000085e00000, 0x0000000085e00000|100%|HC|  |TAMS 0x0000000085e00000, 0x0000000085e00000| Complete 
|  94|0x0000000085e00000, 0x0000000085f00000, 0x0000000085f00000|100%|HS|  |TAMS 0x0000000085f00000, 0x0000000085f00000| Complete 
|  95|0x0000000085f00000, 0x0000000086000000, 0x0000000086000000|100%| O|  |TAMS 0x0000000085f00000, 0x0000000085f00000| Untracked 
|  96|0x0000000086000000, 0x0000000086100000, 0x0000000086100000|100%|HS|  |TAMS 0x0000000086100000, 0x0000000086100000| Complete 
|  97|0x0000000086100000, 0x0000000086200000, 0x0000000086200000|100%|HS|  |TAMS 0x0000000086200000, 0x0000000086200000| Complete 
|  98|0x0000000086200000, 0x0000000086300000, 0x0000000086300000|100%|HC|  |TAMS 0x0000000086300000, 0x0000000086300000| Complete 
|  99|0x0000000086300000, 0x0000000086400000, 0x0000000086400000|100%|HS|  |TAMS 0x0000000086400000, 0x0000000086400000| Complete 
| 100|0x0000000086400000, 0x0000000086500000, 0x0000000086500000|100%|HC|  |TAMS 0x0000000086500000, 0x0000000086500000| Complete 
| 101|0x0000000086500000, 0x0000000086600000, 0x0000000086600000|100%|HS|  |TAMS 0x0000000086600000, 0x0000000086600000| Complete 
| 102|0x0000000086600000, 0x0000000086700000, 0x0000000086700000|100%|HC|  |TAMS 0x0000000086700000, 0x0000000086700000| Complete 
| 103|0x0000000086700000, 0x0000000086800000, 0x0000000086800000|100%|HC|  |TAMS 0x0000000086800000, 0x0000000086800000| Complete 
| 104|0x0000000086800000, 0x0000000086900000, 0x0000000086900000|100%| O|  |TAMS 0x0000000086900000, 0x0000000086900000| Untracked 
| 105|0x0000000086900000, 0x0000000086a00000, 0x0000000086a00000|100%| O|  |TAMS 0x0000000086a00000, 0x0000000086a00000| Untracked 
| 106|0x0000000086a00000, 0x0000000086b00000, 0x0000000086b00000|100%| O|  |TAMS 0x0000000086b00000, 0x0000000086b00000| Untracked 
| 107|0x0000000086b00000, 0x0000000086c00000, 0x0000000086c00000|100%|HS|  |TAMS 0x0000000086c00000, 0x0000000086c00000| Complete 
| 108|0x0000000086c00000, 0x0000000086d00000, 0x0000000086d00000|100%|HC|  |TAMS 0x0000000086d00000, 0x0000000086d00000| Complete 
| 109|0x0000000086d00000, 0x0000000086e00000, 0x0000000086e00000|100%| O|  |TAMS 0x0000000086e00000, 0x0000000086e00000| Untracked 
| 110|0x0000000086e00000, 0x0000000086f00000, 0x0000000086f00000|100%|HS|  |TAMS 0x0000000086f00000, 0x0000000086f00000| Complete 
| 111|0x0000000086f00000, 0x0000000087000000, 0x0000000087000000|100%| O|  |TAMS 0x0000000087000000, 0x0000000087000000| Untracked 
| 112|0x0000000087000000, 0x0000000087100000, 0x0000000087100000|100%|HS|  |TAMS 0x0000000087100000, 0x0000000087100000| Complete 
| 113|0x0000000087100000, 0x0000000087200000, 0x0000000087200000|100%| O|  |TAMS 0x0000000087200000, 0x0000000087200000| Untracked 
| 114|0x0000000087200000, 0x0000000087300000, 0x0000000087300000|100%| O|  |TAMS 0x0000000087300000, 0x0000000087300000| Untracked 
| 115|0x0000000087300000, 0x0000000087400000, 0x0000000087400000|100%| O|  |TAMS 0x0000000087400000, 0x0000000087400000| Untracked 
| 116|0x0000000087400000, 0x0000000087500000, 0x0000000087500000|100%|HS|  |TAMS 0x0000000087500000, 0x0000000087500000| Complete 
| 117|0x0000000087500000, 0x0000000087600000, 0x0000000087600000|100%| O|  |TAMS 0x0000000087600000, 0x0000000087600000| Untracked 
| 118|0x0000000087600000, 0x0000000087700000, 0x0000000087700000|100%|HS|  |TAMS 0x0000000087700000, 0x0000000087700000| Complete 
| 119|0x0000000087700000, 0x0000000087800000, 0x0000000087800000|100%|HC|  |TAMS 0x0000000087800000, 0x0000000087800000| Complete 
| 120|0x0000000087800000, 0x0000000087900000, 0x0000000087900000|100%| O|  |TAMS 0x0000000087900000, 0x0000000087900000| Untracked 
| 121|0x0000000087900000, 0x0000000087a00000, 0x0000000087a00000|100%| O|  |TAMS 0x0000000087a00000, 0x0000000087a00000| Untracked 
| 122|0x0000000087a00000, 0x0000000087b00000, 0x0000000087b00000|100%| O|  |TAMS 0x0000000087b00000, 0x0000000087b00000| Untracked 
| 123|0x0000000087b00000, 0x0000000087c00000, 0x0000000087c00000|100%|HS|  |TAMS 0x0000000087c00000, 0x0000000087c00000| Complete 
| 124|0x0000000087c00000, 0x0000000087d00000, 0x0000000087d00000|100%|HC|  |TAMS 0x0000000087d00000, 0x0000000087d00000| Complete 
| 125|0x0000000087d00000, 0x0000000087e00000, 0x0000000087e00000|100%| O|  |TAMS 0x0000000087e00000, 0x0000000087e00000| Untracked 
| 126|0x0000000087e00000, 0x0000000087f00000, 0x0000000087f00000|100%| O|  |TAMS 0x0000000087f00000, 0x0000000087f00000| Untracked 
| 127|0x0000000087f00000, 0x0000000088000000, 0x0000000088000000|100%| O|  |TAMS 0x0000000088000000, 0x0000000088000000| Untracked 
| 128|0x0000000088000000, 0x0000000088100000, 0x0000000088100000|100%| O|  |TAMS 0x0000000088048000, 0x0000000088100000| Untracked 
| 129|0x0000000088100000, 0x0000000088200000, 0x0000000088200000|100%|HS|  |TAMS 0x0000000088100000, 0x0000000088200000| Complete 
| 130|0x0000000088200000, 0x0000000088300000, 0x0000000088300000|100%| O|  |TAMS 0x0000000088200000, 0x0000000088300000| Untracked 
| 131|0x0000000088300000, 0x0000000088400000, 0x0000000088400000|100%|HS|  |TAMS 0x0000000088400000, 0x0000000088400000| Complete 
| 132|0x0000000088400000, 0x0000000088500000, 0x0000000088500000|100%|HC|  |TAMS 0x0000000088500000, 0x0000000088500000| Complete 
| 133|0x0000000088500000, 0x0000000088600000, 0x0000000088600000|100%|HC|  |TAMS 0x0000000088600000, 0x0000000088600000| Complete 
| 134|0x0000000088600000, 0x0000000088700000, 0x0000000088700000|100%| O|  |TAMS 0x0000000088600000, 0x0000000088700000| Untracked 
| 135|0x0000000088700000, 0x0000000088800000, 0x0000000088800000|100%| O|  |TAMS 0x0000000088700000, 0x0000000088800000| Untracked 
| 136|0x0000000088800000, 0x0000000088900000, 0x0000000088900000|100%| O|  |TAMS 0x0000000088800000, 0x0000000088900000| Untracked 
| 137|0x0000000088900000, 0x0000000088a00000, 0x0000000088a00000|100%| O|  |TAMS 0x0000000088900000, 0x0000000088a00000| Untracked 
| 138|0x0000000088a00000, 0x0000000088b00000, 0x0000000088b00000|100%| O|  |TAMS 0x0000000088a00000, 0x0000000088b00000| Untracked 
| 139|0x0000000088b00000, 0x0000000088c00000, 0x0000000088c00000|100%| O|  |TAMS 0x0000000088b00000, 0x0000000088c00000| Untracked 
| 140|0x0000000088c00000, 0x0000000088d00000, 0x0000000088d00000|100%| O|  |TAMS 0x0000000088c00000, 0x0000000088d00000| Untracked 
| 141|0x0000000088d00000, 0x0000000088e00000, 0x0000000088e00000|100%| O|  |TAMS 0x0000000088d00000, 0x0000000088e00000| Untracked 
| 142|0x0000000088e00000, 0x0000000088f00000, 0x0000000088f00000|100%| O|  |TAMS 0x0000000088e00000, 0x0000000088f00000| Untracked 
| 143|0x0000000088f00000, 0x0000000089000000, 0x0000000089000000|100%| O|  |TAMS 0x0000000088f00000, 0x0000000089000000| Untracked 
| 144|0x0000000089000000, 0x0000000089100000, 0x0000000089100000|100%| O|  |TAMS 0x0000000089000000, 0x0000000089100000| Untracked 
| 145|0x0000000089100000, 0x0000000089200000, 0x0000000089200000|100%| O|  |TAMS 0x0000000089100000, 0x0000000089200000| Untracked 
| 146|0x0000000089200000, 0x0000000089300000, 0x0000000089300000|100%| O|  |TAMS 0x0000000089200000, 0x0000000089300000| Untracked 
| 147|0x0000000089300000, 0x0000000089400000, 0x0000000089400000|100%| O|  |TAMS 0x0000000089300000, 0x0000000089400000| Untracked 
| 148|0x0000000089400000, 0x0000000089500000, 0x0000000089500000|100%| O|  |TAMS 0x0000000089400000, 0x0000000089500000| Untracked 
| 149|0x0000000089500000, 0x0000000089600000, 0x0000000089600000|100%| O|  |TAMS 0x0000000089500000, 0x0000000089600000| Untracked 
| 150|0x0000000089600000, 0x0000000089700000, 0x0000000089700000|100%| S|CS|TAMS 0x0000000089600000, 0x0000000089600000| Complete 
| 151|0x0000000089700000, 0x0000000089700000, 0x0000000089800000|  0%| F|  |TAMS 0x0000000089700000, 0x0000000089700000| Untracked 
| 152|0x0000000089800000, 0x0000000089800000, 0x0000000089900000|  0%| F|  |TAMS 0x0000000089800000, 0x0000000089800000| Untracked 
| 153|0x0000000089900000, 0x0000000089900000, 0x0000000089a00000|  0%| F|  |TAMS 0x0000000089900000, 0x0000000089900000| Untracked 
| 154|0x0000000089a00000, 0x0000000089a00000, 0x0000000089b00000|  0%| F|  |TAMS 0x0000000089a00000, 0x0000000089a00000| Untracked 
| 155|0x0000000089b00000, 0x0000000089b00000, 0x0000000089c00000|  0%| F|  |TAMS 0x0000000089b00000, 0x0000000089b00000| Untracked 
| 156|0x0000000089c00000, 0x0000000089c00000, 0x0000000089d00000|  0%| F|  |TAMS 0x0000000089c00000, 0x0000000089c00000| Untracked 
| 157|0x0000000089d00000, 0x0000000089d00000, 0x0000000089e00000|  0%| F|  |TAMS 0x0000000089d00000, 0x0000000089d00000| Untracked 
| 158|0x0000000089e00000, 0x0000000089e00000, 0x0000000089f00000|  0%| F|  |TAMS 0x0000000089e00000, 0x0000000089e00000| Untracked 
| 159|0x0000000089f00000, 0x000000008a000000, 0x000000008a000000|100%| O|  |TAMS 0x000000008a000000, 0x000000008a000000| Untracked 
| 160|0x000000008a000000, 0x000000008a100000, 0x000000008a100000|100%| O|  |TAMS 0x000000008a100000, 0x000000008a100000| Untracked 
| 161|0x000000008a100000, 0x000000008a200000, 0x000000008a200000|100%| O|  |TAMS 0x000000008a200000, 0x000000008a200000| Untracked 
| 162|0x000000008a200000, 0x000000008a300000, 0x000000008a300000|100%| O|  |TAMS 0x000000008a300000, 0x000000008a300000| Untracked 
| 163|0x000000008a300000, 0x000000008a400000, 0x000000008a400000|100%| O|  |TAMS 0x000000008a400000, 0x000000008a400000| Untracked 
| 164|0x000000008a400000, 0x000000008a500000, 0x000000008a500000|100%| O|  |TAMS 0x000000008a400000, 0x000000008a500000| Untracked 
| 165|0x000000008a500000, 0x000000008a600000, 0x000000008a600000|100%| O|  |TAMS 0x000000008a500000, 0x000000008a600000| Untracked 
| 166|0x000000008a600000, 0x000000008a700000, 0x000000008a700000|100%| O|  |TAMS 0x000000008a600000, 0x000000008a700000| Untracked 
| 167|0x000000008a700000, 0x000000008a800000, 0x000000008a800000|100%| O|  |TAMS 0x000000008a700000, 0x000000008a700000| Untracked 
| 168|0x000000008a800000, 0x000000008a900000, 0x000000008a900000|100%| O|  |TAMS 0x000000008a800000, 0x000000008a800000| Untracked 
| 169|0x000000008a900000, 0x000000008aa00000, 0x000000008aa00000|100%| O|  |TAMS 0x000000008a900000, 0x000000008a900000| Untracked 
| 170|0x000000008aa00000, 0x000000008ab00000, 0x000000008ab00000|100%| O|  |TAMS 0x000000008aa00000, 0x000000008aa00000| Untracked 
| 171|0x000000008ab00000, 0x000000008ac00000, 0x000000008ac00000|100%| O|  |TAMS 0x000000008ab00000, 0x000000008ab00000| Untracked 
| 172|0x000000008ac00000, 0x000000008ad00000, 0x000000008ad00000|100%| O|  |TAMS 0x000000008ac00000, 0x000000008ac00000| Untracked 
| 173|0x000000008ad00000, 0x000000008ad16600, 0x000000008ae00000|  8%| O|  |TAMS 0x000000008ad00000, 0x000000008ad00000| Untracked 

Card table byte_map: [0x0000021dd4a30000,0x0000021dd4e30000] _byte_map_base: 0x0000021dd4630000

Marking Bits (Prev, Next): (CMBitMap*) 0x0000021dc1833180, (CMBitMap*) 0x0000021dc1833148
 Prev Bits: [0x0000021dd7230000, 0x0000021dd9230000)
 Next Bits: [0x0000021dd5230000, 0x0000021dd7230000)

Polling page: 0x0000021dbf7f0000

Metaspace:

Usage:
  Non-class:     96.93 MB capacity,    95.15 MB ( 98%) used,     1.43 MB (  1%) free+waste,   357.38 KB ( <1%) overhead. 
      Class:     14.99 MB capacity,    13.92 MB ( 93%) used,   943.50 KB (  6%) free+waste,   159.44 KB (  1%) overhead. 
       Both:    111.92 MB capacity,   109.07 MB ( 97%) used,     2.35 MB (  2%) free+waste,   516.81 KB ( <1%) overhead. 

Virtual space:
  Non-class space:       98.00 MB reserved,      97.09 MB (>99%) committed 
      Class space:        1.00 GB reserved,      15.07 MB (  1%) committed 
             Both:        1.10 GB reserved,     112.16 MB ( 10%) committed 

Chunk freelists:
   Non-Class:  33.00 KB
       Class:  8.00 KB
        Both:  41.00 KB

MaxMetaspaceSize: 17179869184.00 GB
CompressedClassSpaceSize: 1.00 GB
Initial GC threshold: 20.80 MB
Current GC threshold: 186.52 MB
CDS: off

CodeHeap 'non-profiled nmethods': size=120000Kb used=8637Kb max_used=8637Kb free=111362Kb
 bounds [0x0000021dccdd0000, 0x0000021dcd640000, 0x0000021dd4300000]
CodeHeap 'profiled nmethods': size=120000Kb used=36847Kb max_used=36847Kb free=83152Kb
 bounds [0x0000021dc58a0000, 0x0000021dc7ca0000, 0x0000021dccdd0000]
CodeHeap 'non-nmethods': size=5760Kb used=2430Kb max_used=2475Kb free=3329Kb
 bounds [0x0000021dc5300000, 0x0000021dc5580000, 0x0000021dc58a0000]
 total_blobs=16704 nmethods=15750 adapters=865
 compilation: enabled
              stopped_count=0, restarted_count=0
 full_count=0

Compilation events (20 events):
Event: 88.633 Thread 0x0000021ddc651000 16180       3       com.android.tools.r8.dex.j::b (211 bytes)
Event: 88.635 Thread 0x0000021ddc651000 nmethod 16180 0x0000021dc7c95b90 code [0x0000021dc7c95f40, 0x0000021dc7c97998]
Event: 88.642 Thread 0x0000021ddc651000 16181       2       com.android.tools.r8.code.m0::<init> (7 bytes)
Event: 88.643 Thread 0x0000021ddc651000 nmethod 16181 0x0000021dc7c98410 code [0x0000021dc7c985e0, 0x0000021dc7c98818]
Event: 88.643 Thread 0x0000021ddc651000 16182       2       com.android.tools.r8.code.d::<init> (7 bytes)
Event: 88.643 Thread 0x0000021ddc651000 nmethod 16182 0x0000021dc7c98a10 code [0x0000021dc7c98be0, 0x0000021dc7c98e18]
Event: 88.651 Thread 0x0000021ddc651000 16183       2       com.android.tools.r8.internal.cH::<init> (88 bytes)
Event: 88.651 Thread 0x0000021ddc651000 nmethod 16183 0x0000021dc7c99010 code [0x0000021dc7c99240, 0x0000021dc7c997c8]
Event: 88.689 Thread 0x0000021ddc651000 16187       2       com.android.tools.r8.code.r3::<init> (8 bytes)
Event: 88.690 Thread 0x0000021ddc651000 nmethod 16187 0x0000021dc7c99990 code [0x0000021dc7c99b60, 0x0000021dc7c99da8]
Event: 88.699 Thread 0x0000021ddc651000 16188       2       com.android.tools.r8.code.N0::hashCode (28 bytes)
Event: 88.700 Thread 0x0000021ddc651000 nmethod 16188 0x0000021dc7c99f90 code [0x0000021dc7c9a140, 0x0000021dc7c9a288]
Event: 88.701 Thread 0x0000021ddc651000 16189       2       com.android.tools.r8.code.F3::<init> (85 bytes)
Event: 88.702 Thread 0x0000021ddc651000 nmethod 16189 0x0000021dc7c9a310 code [0x0000021dc7c9a540, 0x0000021dc7c9ac68]
Event: 88.703 Thread 0x0000021ddc651000 16190       2       com.android.tools.r8.code.c0::hashCode (22 bytes)
Event: 88.703 Thread 0x0000021ddc651000 nmethod 16190 0x0000021dc7c9b190 code [0x0000021dc7c9b340, 0x0000021dc7c9b488]
Event: 88.703 Thread 0x0000021ddc651000 16191       2       com.android.tools.r8.code.N0::<init> (34 bytes)
Event: 88.704 Thread 0x0000021ddc651000 nmethod 16191 0x0000021dc7c9b510 code [0x0000021dc7c9b6e0, 0x0000021dc7c9b8a8]
Event: 88.709 Thread 0x0000021ddc651000 16192       2       com.android.tools.r8.graph.r1::<init> (5 bytes)
Event: 88.709 Thread 0x0000021ddc651000 nmethod 16192 0x0000021dc7c9ba10 code [0x0000021dc7c9bbc0, 0x0000021dc7c9bcb8]

GC Heap History (20 events):
Event: 87.966 GC heap after
{Heap after GC invocations=58 (full 0):
 garbage-first heap   total 167936K, used 137864K [0x0000000080000000, 0x0000000100000000)
  region size 1024K, 2 young (2048K), 2 survivors (2048K)
 Metaspace       used 111099K, capacity 113895K, committed 114212K, reserved 1148928K
  class space    used 14178K, capacity 15242K, committed 15308K, reserved 1048576K
}
Event: 88.061 GC heap before
{Heap before GC invocations=58 (full 0):
 garbage-first heap   total 167936K, used 144008K [0x0000000080000000, 0x0000000100000000)
  region size 1024K, 8 young (8192K), 2 survivors (2048K)
 Metaspace       used 111099K, capacity 113895K, committed 114212K, reserved 1148928K
  class space    used 14178K, capacity 15242K, committed 15308K, reserved 1048576K
}
Event: 88.076 GC heap after
{Heap after GC invocations=59 (full 0):
 garbage-first heap   total 167936K, used 140576K [0x0000000080000000, 0x0000000100000000)
  region size 1024K, 1 young (1024K), 1 survivors (1024K)
 Metaspace       used 111099K, capacity 113895K, committed 114212K, reserved 1148928K
  class space    used 14178K, capacity 15242K, committed 15308K, reserved 1048576K
}
Event: 88.263 GC heap before
{Heap before GC invocations=59 (full 0):
 garbage-first heap   total 167936K, used 148768K [0x0000000080000000, 0x0000000100000000)
  region size 1024K, 8 young (8192K), 1 survivors (1024K)
 Metaspace       used 111516K, capacity 114402K, committed 114596K, reserved 1148928K
  class space    used 14249K, capacity 15352K, committed 15436K, reserved 1048576K
}
Event: 88.274 GC heap after
{Heap after GC invocations=60 (full 0):
 garbage-first heap   total 167936K, used 145198K [0x0000000080000000, 0x0000000100000000)
  region size 1024K, 1 young (1024K), 1 survivors (1024K)
 Metaspace       used 111516K, capacity 114402K, committed 114596K, reserved 1148928K
  class space    used 14249K, capacity 15352K, committed 15436K, reserved 1048576K
}
Event: 88.379 GC heap before
{Heap before GC invocations=60 (full 0):
 garbage-first heap   total 167936K, used 152366K [0x0000000080000000, 0x0000000100000000)
  region size 1024K, 8 young (8192K), 1 survivors (1024K)
 Metaspace       used 111564K, capacity 114469K, committed 114596K, reserved 1148928K
  class space    used 14249K, capacity 15352K, committed 15436K, reserved 1048576K
}
Event: 88.391 GC heap after
{Heap after GC invocations=61 (full 0):
 garbage-first heap   total 167936K, used 149019K [0x0000000080000000, 0x0000000100000000)
  region size 1024K, 1 young (1024K), 1 survivors (1024K)
 Metaspace       used 111564K, capacity 114469K, committed 114596K, reserved 1148928K
  class space    used 14249K, capacity 15352K, committed 15436K, reserved 1048576K
}
Event: 88.446 GC heap before
{Heap before GC invocations=61 (full 0):
 garbage-first heap   total 167936K, used 156187K [0x0000000080000000, 0x0000000100000000)
  region size 1024K, 8 young (8192K), 1 survivors (1024K)
 Metaspace       used 111630K, capacity 114536K, committed 114852K, reserved 1148928K
  class space    used 14249K, capacity 15352K, committed 15436K, reserved 1048576K
}
Event: 88.456 GC heap after
{Heap after GC invocations=62 (full 0):
 garbage-first heap   total 167936K, used 152742K [0x0000000080000000, 0x0000000100000000)
  region size 1024K, 1 young (1024K), 1 survivors (1024K)
 Metaspace       used 111630K, capacity 114536K, committed 114852K, reserved 1148928K
  class space    used 14249K, capacity 15352K, committed 15436K, reserved 1048576K
}
Event: 88.496 GC heap before
{Heap before GC invocations=63 (full 0):
 garbage-first heap   total 167936K, used 159910K [0x0000000080000000, 0x0000000100000000)
  region size 1024K, 8 young (8192K), 1 survivors (1024K)
 Metaspace       used 111660K, capacity 114541K, committed 114852K, reserved 1148928K
  class space    used 14249K, capacity 15352K, committed 15436K, reserved 1048576K
}
Event: 88.508 GC heap after
{Heap after GC invocations=64 (full 0):
 garbage-first heap   total 167936K, used 156844K [0x0000000080000000, 0x0000000100000000)
  region size 1024K, 1 young (1024K), 1 survivors (1024K)
 Metaspace       used 111660K, capacity 114541K, committed 114852K, reserved 1148928K
  class space    used 14249K, capacity 15352K, committed 15436K, reserved 1048576K
}
Event: 88.535 GC heap before
{Heap before GC invocations=64 (full 0):
 garbage-first heap   total 167936K, used 164012K [0x0000000080000000, 0x0000000100000000)
  region size 1024K, 8 young (8192K), 1 survivors (1024K)
 Metaspace       used 111664K, capacity 114541K, committed 114852K, reserved 1148928K
  class space    used 14249K, capacity 15352K, committed 15436K, reserved 1048576K
}
Event: 88.548 GC heap after
{Heap after GC invocations=65 (full 0):
 garbage-first heap   total 171008K, used 153382K [0x0000000080000000, 0x0000000100000000)
  region size 1024K, 1 young (1024K), 1 survivors (1024K)
 Metaspace       used 111664K, capacity 114541K, committed 114852K, reserved 1148928K
  class space    used 14249K, capacity 15352K, committed 15436K, reserved 1048576K
}
Event: 88.576 GC heap before
{Heap before GC invocations=65 (full 0):
 garbage-first heap   total 171008K, used 160550K [0x0000000080000000, 0x0000000100000000)
  region size 1024K, 8 young (8192K), 1 survivors (1024K)
 Metaspace       used 111672K, capacity 114541K, committed 114852K, reserved 1148928K
  class space    used 14249K, capacity 15352K, committed 15436K, reserved 1048576K
}
Event: 88.585 GC heap after
{Heap after GC invocations=66 (full 0):
 garbage-first heap   total 171008K, used 157279K [0x0000000080000000, 0x0000000100000000)
  region size 1024K, 1 young (1024K), 1 survivors (1024K)
 Metaspace       used 111672K, capacity 114541K, committed 114852K, reserved 1148928K
  class space    used 14249K, capacity 15352K, committed 15436K, reserved 1048576K
}
Event: 88.622 GC heap before
{Heap before GC invocations=66 (full 0):
 garbage-first heap   total 171008K, used 164447K [0x0000000080000000, 0x0000000100000000)
  region size 1024K, 8 young (8192K), 1 survivors (1024K)
 Metaspace       used 111676K, capacity 114542K, committed 114852K, reserved 1148928K
  class space    used 14249K, capacity 15352K, committed 15436K, reserved 1048576K
}
Event: 88.629 GC heap after
{Heap after GC invocations=67 (full 0):
 garbage-first heap   total 171008K, used 161345K [0x0000000080000000, 0x0000000100000000)
  region size 1024K, 1 young (1024K), 1 survivors (1024K)
 Metaspace       used 111676K, capacity 114542K, committed 114852K, reserved 1148928K
  class space    used 14249K, capacity 15352K, committed 15436K, reserved 1048576K
}
Event: 88.670 GC heap before
{Heap before GC invocations=67 (full 0):
 garbage-first heap   total 171008K, used 168513K [0x0000000080000000, 0x0000000100000000)
  region size 1024K, 8 young (8192K), 1 survivors (1024K)
 Metaspace       used 111683K, capacity 114607K, committed 114852K, reserved 1148928K
  class space    used 14249K, capacity 15352K, committed 15436K, reserved 1048576K
}
Event: 88.678 GC heap after
{Heap after GC invocations=68 (full 0):
 garbage-first heap   total 174080K, used 165226K [0x0000000080000000, 0x0000000100000000)
  region size 1024K, 1 young (1024K), 1 survivors (1024K)
 Metaspace       used 111683K, capacity 114607K, committed 114852K, reserved 1148928K
  class space    used 14249K, capacity 15352K, committed 15436K, reserved 1048576K
}
Event: 88.713 GC heap before
{Heap before GC invocations=68 (full 0):
 garbage-first heap   total 174080K, used 172394K [0x0000000080000000, 0x0000000100000000)
  region size 1024K, 8 young (8192K), 1 survivors (1024K)
 Metaspace       used 111685K, capacity 114607K, committed 114852K, reserved 1148928K
  class space    used 14249K, capacity 15352K, committed 15436K, reserved 1048576K
}

Deoptimization events (20 events):
Event: 88.216 Thread 0x0000021de3264000 Uncommon trap: trap_request=0xffffffc6 fr.pc=0x0000021dcd5db1bc relative=0x000000000000015c
Event: 88.216 Thread 0x0000021de3264000 Uncommon trap: reason=bimorphic_or_optimized_type_check action=maybe_recompile pc=0x0000021dcd5db1bc method=com.android.tools.r8.graph.M2.a(Ljava/util/function/Predicate;Ljava/util/function/Consumer;Lcom/android/tools/r8/graph/q0;)Lcom/android/tools/r8/in
Event: 88.216 Thread 0x0000021de3264000 DEOPT PACKING pc=0x0000021dcd5db1bc sp=0x000000f1e4afe8d0
Event: 88.216 Thread 0x0000021de3264000 DEOPT UNPACKING pc=0x0000021dc534a1af sp=0x000000f1e4afe808 mode 2
Event: 88.216 Thread 0x0000021de3264000 Uncommon trap: trap_request=0xffffffc6 fr.pc=0x0000021dcd5db1bc relative=0x000000000000015c
Event: 88.216 Thread 0x0000021de3264000 Uncommon trap: reason=bimorphic_or_optimized_type_check action=maybe_recompile pc=0x0000021dcd5db1bc method=com.android.tools.r8.graph.M2.a(Ljava/util/function/Predicate;Ljava/util/function/Consumer;Lcom/android/tools/r8/graph/q0;)Lcom/android/tools/r8/in
Event: 88.216 Thread 0x0000021de3264000 DEOPT PACKING pc=0x0000021dcd5db1bc sp=0x000000f1e4afe8d0
Event: 88.216 Thread 0x0000021de3264000 DEOPT UNPACKING pc=0x0000021dc534a1af sp=0x000000f1e4afe808 mode 2
Event: 88.229 Thread 0x0000021de326c800 Uncommon trap: trap_request=0xffffffc6 fr.pc=0x0000021dcd5db1bc relative=0x000000000000015c
Event: 88.229 Thread 0x0000021de326c800 Uncommon trap: reason=bimorphic_or_optimized_type_check action=maybe_recompile pc=0x0000021dcd5db1bc method=com.android.tools.r8.graph.M2.a(Ljava/util/function/Predicate;Ljava/util/function/Consumer;Lcom/android/tools/r8/graph/q0;)Lcom/android/tools/r8/in
Event: 88.229 Thread 0x0000021de326c800 DEOPT PACKING pc=0x0000021dcd5db1bc sp=0x000000f1ec7fe440
Event: 88.229 Thread 0x0000021de326c800 DEOPT UNPACKING pc=0x0000021dc534a1af sp=0x000000f1ec7fe378 mode 2
Event: 88.248 Thread 0x0000021de326a000 Uncommon trap: trap_request=0xffffff4d fr.pc=0x0000021dcd63a6c4 relative=0x0000000000000564
Event: 88.248 Thread 0x0000021de326a000 Uncommon trap: reason=unstable_if action=reinterpret pc=0x0000021dcd63a6c4 method=com.android.tools.r8.graph.a1.g(Ljava/lang/Object;)Z @ 37 c2
Event: 88.248 Thread 0x0000021de326a000 DEOPT PACKING pc=0x0000021dcd63a6c4 sp=0x000000f1e2efea50
Event: 88.248 Thread 0x0000021de326a000 DEOPT UNPACKING pc=0x0000021dc534a1af sp=0x000000f1e2efe920 mode 2
Event: 88.376 Thread 0x0000021de326d000 DEOPT PACKING pc=0x0000021dc7c24b25 sp=0x000000f1ecafea30
Event: 88.376 Thread 0x0000021de326d000 DEOPT UNPACKING pc=0x0000021dc534a95e sp=0x000000f1ecafe058 mode 0
Event: 88.398 Thread 0x0000021de3264000 DEOPT PACKING pc=0x0000021dc7c24b25 sp=0x000000f1e4afee60
Event: 88.398 Thread 0x0000021de3264000 DEOPT UNPACKING pc=0x0000021dc534a95e sp=0x000000f1e4afe488 mode 0

Classes redefined (0 events):
No events

Internal exceptions (20 events):
Event: 67.337 Thread 0x0000021de4d97000 Exception <a 'java/lang/NoSuchMethodError'{0x00000000899ab6e8}: 'java.lang.Object java.lang.invoke.DirectMethodHandle$Holder.invokeStaticInit(java.lang.Object, java.lang.Object, long, java.lang.Object)'> (0x00000000899ab6e8) thrown at [./src/hotspot/share/interpreter/linkResolver.cpp, line 773]
Event: 67.338 Thread 0x0000021de4d97000 Exception <a 'java/lang/NoSuchMethodError'{0x00000000899b1880}: 'java.lang.Object java.lang.invoke.DirectMethodHandle$Holder.invokeStatic(java.lang.Object, java.lang.Object, long)'> (0x00000000899b1880) thrown at [./src/hotspot/share/interpreter/linkResolver.cpp, line 773]
Event: 67.339 Thread 0x0000021de4d97000 Exception <a 'java/lang/NoSuchMethodError'{0x00000000899b8038}: 'java.lang.Object java.lang.invoke.Invokers$Holder.linkToTargetMethod(java.lang.Object, long, java.lang.Object)'> (0x00000000899b8038) thrown at [./src/hotspot/share/interpreter/linkResolver.cpp, line 773]
Event: 68.709 Thread 0x0000021de14c0000 Exception <a 'java/lang/NoSuchMethodError'{0x000000008904e258}: 'java.lang.Object java.lang.invoke.DirectMethodHandle$Holder.invokeStaticInit(java.lang.Object, java.lang.Object, java.lang.Object, java.lang.Object, java.lang.Object, java.lang.Object, java.lang.Object, java.lang.Object, java.lang.Object, java.lang.Object, java.lang.Object, java.lang.Object, java.lang.Object, java.lang.Object, java.lang.Object, java.lang.Object, java.lang.Object, java.lang.Object, int, java.lang.Object, java.lang.Object)'> (0
Event: 69.033 Thread 0x0000021de14c0000 Exception <a 'java/lang/IncompatibleClassChangeError'{0x0000000088f6d278}: Found class java.lang.Object, but interface was expected> (0x0000000088f6d278) thrown at [./src/hotspot/share/interpreter/linkResolver.cpp, line 839]
Event: 71.424 Thread 0x0000021de14c0000 Exception <a 'java/lang/IncompatibleClassChangeError'{0x00000000880f0a90}: Found class java.lang.Object, but interface was expected> (0x00000000880f0a90) thrown at [./src/hotspot/share/interpreter/linkResolver.cpp, line 839]
Event: 72.286 Thread 0x0000021de14c0000 Exception <a 'java/lang/NoSuchMethodError'{0x00000000898c9900}: 'java.lang.Object java.lang.invoke.DirectMethodHandle$Holder.invokeStatic(java.lang.Object, int, java.lang.Object, java.lang.Object)'> (0x00000000898c9900) thrown at [./src/hotspot/share/interpreter/linkResolver.cpp, line 773]
Event: 72.763 Thread 0x0000021de4d97000 Exception <a 'java/lang/NoSuchMethodError'{0x00000000890b0380}: 'int java.lang.invoke.DirectMethodHandle$Holder.invokeSpecialIFC(java.lang.Object, java.lang.Object, java.lang.Object)'> (0x00000000890b0380) thrown at [./src/hotspot/share/interpreter/linkResolver.cpp, line 773]
Event: 73.169 Thread 0x0000021de14c0000 Exception <a 'java/lang/IncompatibleClassChangeError'{0x0000000088df0c50}: Found class java.lang.Object, but interface was expected> (0x0000000088df0c50) thrown at [./src/hotspot/share/interpreter/linkResolver.cpp, line 839]
Event: 73.172 Thread 0x0000021de14c0000 Exception <a 'java/lang/IncompatibleClassChangeError'{0x0000000088df9b08}: Found class java.lang.Object, but interface was expected> (0x0000000088df9b08) thrown at [./src/hotspot/share/interpreter/linkResolver.cpp, line 839]
Event: 73.570 Thread 0x0000021de14c0000 Exception <a 'java/lang/NoSuchMethodError'{0x0000000088a1fe28}: 'void java.lang.invoke.DirectMethodHandle$Holder.invokeSpecial(java.lang.Object, java.lang.Object, int, java.lang.Object)'> (0x0000000088a1fe28) thrown at [./src/hotspot/share/interpreter/linkResolver.cpp, line 773]
Event: 74.037 Thread 0x0000021de14c0000 Exception <a 'java/lang/NoSuchMethodError'{0x000000008873d5e8}: 'java.lang.Object java.lang.invoke.DirectMethodHandle$Holder.newInvokeSpecial(java.lang.Object, int)'> (0x000000008873d5e8) thrown at [./src/hotspot/share/interpreter/linkResolver.cpp, line 773]
Event: 77.935 Thread 0x0000021de4d94800 Exception <a 'java/lang/NoSuchMethodError'{0x0000000089284330}: 'java.lang.Object java.lang.invoke.DirectMethodHandle$Holder.invokeVirtual(java.lang.Object, java.lang.Object, int)'> (0x0000000089284330) thrown at [./src/hotspot/share/interpreter/linkResolver.cpp, line 773]
Event: 80.402 Thread 0x0000021de14c0000 Exception <a 'java/lang/NoSuchMethodError'{0x000000008854b128}: 'java.lang.Object java.lang.invoke.Invokers$Holder.linkToTargetMethod(java.lang.Object, int, java.lang.Object, java.lang.Object, java.lang.Object, java.lang.Object)'> (0x000000008854b128) thrown at [./src/hotspot/share/interpreter/linkResolver.cpp, line 773]
Event: 80.410 Thread 0x0000021de14c0000 Exception <a 'java/lang/NoSuchMethodError'{0x000000008855f118}: 'java.lang.Object java.lang.invoke.Invokers$Holder.linkToTargetMethod(java.lang.Object, java.lang.Object, java.lang.Object, int, java.lang.Object, java.lang.Object, java.lang.Object)'> (0x000000008855f118) thrown at [./src/hotspot/share/interpreter/linkResolver.cpp, line 773]
Event: 80.413 Thread 0x0000021de14c0000 Exception <a 'java/lang/NoSuchMethodError'{0x0000000088574190}: 'void java.lang.invoke.DirectMethodHandle$Holder.invokeStatic(java.lang.Object, java.lang.Object, java.lang.Object, java.lang.Object, java.lang.Object, java.lang.Object, java.lang.Object, java.lang.Object)'> (0x0000000088574190) thrown at [./src/hotspot/share/interpreter/linkResolver.cpp, line 773]
Event: 81.871 Thread 0x0000021de14c0000 Exception <a 'java/lang/IncompatibleClassChangeError'{0x0000000088114df8}: Found class java.lang.Object, but interface was expected> (0x0000000088114df8) thrown at [./src/hotspot/share/interpreter/linkResolver.cpp, line 839]
Event: 82.294 Thread 0x0000021de14c0000 Exception <a 'java/lang/NoSuchMethodError'{0x0000000087d03230}: 'void java.lang.invoke.DirectMethodHandle$Holder.invokeSpecial(java.lang.Object, java.lang.Object, int)'> (0x0000000087d03230) thrown at [./src/hotspot/share/interpreter/linkResolver.cpp, line 773]
Event: 82.489 Thread 0x0000021de14c0000 Exception <a 'sun/nio/fs/WindowsException'{0x0000000087c22210}> (0x0000000087c22210) thrown at [./src/hotspot/share/prims/jni.cpp, line 615]
Event: 86.830 Thread 0x0000021de3265000 Exception <a 'sun/nio/fs/WindowsException'{0x00000000896366c8}> (0x00000000896366c8) thrown at [./src/hotspot/share/prims/jni.cpp, line 615]

Events (20 events):
Event: 88.274 Executing VM operation: G1CollectForAllocation done
Event: 88.307 Executing VM operation: CGC_Operation
Event: 88.327 Executing VM operation: CGC_Operation done
Event: 88.378 Executing VM operation: G1CollectForAllocation
Event: 88.391 Executing VM operation: G1CollectForAllocation done
Event: 88.445 Executing VM operation: G1CollectForAllocation
Event: 88.456 Executing VM operation: G1CollectForAllocation done
Event: 88.457 Executing VM operation: CGC_Operation
Event: 88.457 Executing VM operation: CGC_Operation done
Event: 88.496 Executing VM operation: G1CollectForAllocation
Event: 88.508 Executing VM operation: G1CollectForAllocation done
Event: 88.535 Executing VM operation: G1CollectForAllocation
Event: 88.548 Executing VM operation: G1CollectForAllocation done
Event: 88.575 Executing VM operation: G1CollectForAllocation
Event: 88.585 Executing VM operation: G1CollectForAllocation done
Event: 88.622 Executing VM operation: G1CollectForAllocation
Event: 88.629 Executing VM operation: G1CollectForAllocation done
Event: 88.670 Executing VM operation: G1CollectForAllocation
Event: 88.678 Executing VM operation: G1CollectForAllocation done
Event: 88.713 Executing VM operation: G1CollectForAllocation


Dynamic libraries:
0x00007ff6d7e30000 - 0x00007ff6d7e3a000 	D:\MiniToolPowerDataRecovery\Android Studio\jre\bin\java.exe
0x00007ffe453c0000 - 0x00007ffe455c9000 	C:\Windows\SYSTEM32\ntdll.dll
0x00007ffe44950000 - 0x00007ffe44a0d000 	C:\Windows\System32\KERNEL32.DLL
0x00007ffe42ab0000 - 0x00007ffe42e2c000 	C:\Windows\System32\KERNELBASE.dll
0x00007ffe42fa0000 - 0x00007ffe430b1000 	C:\Windows\System32\ucrtbase.dll
0x00007ffe22160000 - 0x00007ffe22179000 	D:\MiniToolPowerDataRecovery\Android Studio\jre\bin\jli.dll
0x00007ffe22300000 - 0x00007ffe22317000 	D:\MiniToolPowerDataRecovery\Android Studio\jre\bin\VCRUNTIME140.dll
0x00007ffe43c10000 - 0x00007ffe43dbd000 	C:\Windows\System32\USER32.dll
0x00007ffe298d0000 - 0x00007ffe29b75000 	C:\Windows\WinSxS\amd64_microsoft.windows.common-controls_6595b64144ccf1df_6.0.22000.120_none_9d947278b86cc467\COMCTL32.dll
0x00007ffe42a80000 - 0x00007ffe42aa6000 	C:\Windows\System32\win32u.dll
0x00007ffe43b60000 - 0x00007ffe43c03000 	C:\Windows\System32\msvcrt.dll
0x00007ffe43e90000 - 0x00007ffe43eb9000 	C:\Windows\System32\GDI32.dll
0x00007ffe428a0000 - 0x00007ffe429b9000 	C:\Windows\System32\gdi32full.dll
0x00007ffe43140000 - 0x00007ffe431dd000 	C:\Windows\System32\msvcp_win.dll
0x00007ffe45110000 - 0x00007ffe45141000 	C:\Windows\System32\IMM32.DLL
0x00007ffe14270000 - 0x00007ffe1430d000 	D:\MiniToolPowerDataRecovery\Android Studio\jre\bin\msvcp140.dll
0x00007ffdaf2c0000 - 0x00007ffdafda5000 	D:\MiniToolPowerDataRecovery\Android Studio\jre\bin\server\jvm.dll
0x00007ffe43de0000 - 0x00007ffe43e8e000 	C:\Windows\System32\ADVAPI32.dll
0x00007ffe44e10000 - 0x00007ffe44eae000 	C:\Windows\System32\sechost.dll
0x00007ffe44ff0000 - 0x00007ffe45110000 	C:\Windows\System32\RPCRT4.dll
0x00007ffe3d310000 - 0x00007ffe3d343000 	C:\Windows\SYSTEM32\WINMM.dll
0x00007ffe37b30000 - 0x00007ffe37b3a000 	C:\Windows\SYSTEM32\VERSION.dll
0x00007ffe32620000 - 0x00007ffe32629000 	C:\Windows\SYSTEM32\WSOCK32.dll
0x00007ffe43370000 - 0x00007ffe43378000 	C:\Windows\System32\PSAPI.DLL
0x00007ffe44810000 - 0x00007ffe4487f000 	C:\Windows\System32\WS2_32.dll
0x00007ffe41950000 - 0x00007ffe41968000 	C:\Windows\SYSTEM32\kernel.appcore.dll
0x00007ffe222e0000 - 0x00007ffe222f1000 	D:\MiniToolPowerDataRecovery\Android Studio\jre\bin\verify.dll
0x00007ffe2a0e0000 - 0x00007ffe2a301000 	C:\Windows\SYSTEM32\DBGHELP.DLL
0x00007ffe2a0a0000 - 0x00007ffe2a0d1000 	C:\Windows\SYSTEM32\dbgcore.DLL
0x00007ffe430c0000 - 0x00007ffe4313f000 	C:\Windows\System32\bcryptPrimitives.dll
0x00007ffe222b0000 - 0x00007ffe222d9000 	D:\MiniToolPowerDataRecovery\Android Studio\jre\bin\java.dll
0x00007ffe27b20000 - 0x00007ffe27b2b000 	D:\MiniToolPowerDataRecovery\Android Studio\jre\bin\jimage.dll
0x00007ffe21d80000 - 0x00007ffe21d98000 	D:\MiniToolPowerDataRecovery\Android Studio\jre\bin\zip.dll
0x00007ffe43380000 - 0x00007ffe43b38000 	C:\Windows\System32\SHELL32.dll
0x00007ffe409c0000 - 0x00007ffe41228000 	C:\Windows\SYSTEM32\windows.storage.dll
0x00007ffe44a10000 - 0x00007ffe44d89000 	C:\Windows\System32\combase.dll
0x00007ffe40850000 - 0x00007ffe409b6000 	C:\Windows\SYSTEM32\wintypes.dll
0x00007ffe442a0000 - 0x00007ffe4438a000 	C:\Windows\System32\SHCORE.dll
0x00007ffe448f0000 - 0x00007ffe4494d000 	C:\Windows\System32\shlwapi.dll
0x00007ffe427d0000 - 0x00007ffe427f1000 	C:\Windows\SYSTEM32\profapi.dll
0x00007ffe21d60000 - 0x00007ffe21d7a000 	D:\MiniToolPowerDataRecovery\Android Studio\jre\bin\net.dll
0x00007ffe3afc0000 - 0x00007ffe3b0cc000 	C:\Windows\SYSTEM32\WINHTTP.dll
0x00007ffe41da0000 - 0x00007ffe41e07000 	C:\Windows\system32\mswsock.dll
0x00007ffe21d40000 - 0x00007ffe21d54000 	D:\MiniToolPowerDataRecovery\Android Studio\jre\bin\nio.dll
0x00007ffe22280000 - 0x00007ffe222a7000 	C:\Users\Jhoan Ocampo\.gradle\native\e1d6ef7f7dcc3fd88c89a11ec53ec762bb8ba0a96d01ffa2cd45eb1d1d8dd5c5\windows-amd64\native-platform.dll
0x00007ffd84a70000 - 0x00007ffd84bb4000 	C:\Users\Jhoan Ocampo\.gradle\native\5664cfc778a61ccfe75a443a1ab52a65af34e5dc3c78e0209fed803814484fcb\windows-amd64\native-platform-file-events.dll
0x00007ffe3dac0000 - 0x00007ffe3daca000 	D:\MiniToolPowerDataRecovery\Android Studio\jre\bin\management.dll
0x00007ffe347b0000 - 0x00007ffe347bd000 	D:\MiniToolPowerDataRecovery\Android Studio\jre\bin\management_ext.dll
0x00007ffe42010000 - 0x00007ffe42028000 	C:\Windows\SYSTEM32\CRYPTSP.dll
0x00007ffe418b0000 - 0x00007ffe418e5000 	C:\Windows\system32\rsaenh.dll
0x00007ffe41eb0000 - 0x00007ffe41ed9000 	C:\Windows\SYSTEM32\USERENV.dll
0x00007ffe42190000 - 0x00007ffe421b7000 	C:\Windows\SYSTEM32\bcrypt.dll
0x00007ffe42000000 - 0x00007ffe4200c000 	C:\Windows\SYSTEM32\CRYPTBASE.dll
0x00007ffe41480000 - 0x00007ffe414ad000 	C:\Windows\SYSTEM32\IPHLPAPI.DLL
0x00007ffe44800000 - 0x00007ffe44809000 	C:\Windows\System32\NSI.dll
0x00007ffe3ae50000 - 0x00007ffe3ae69000 	C:\Windows\SYSTEM32\dhcpcsvc6.DLL
0x00007ffe3cc60000 - 0x00007ffe3cc7e000 	C:\Windows\SYSTEM32\dhcpcsvc.DLL
0x00007ffe414b0000 - 0x00007ffe41598000 	C:\Windows\SYSTEM32\DNSAPI.dll
0x00007ffe3fbc0000 - 0x00007ffe3fbf4000 	C:\Windows\SYSTEM32\ntmarta.dll

dbghelp: loaded successfully - version: 4.0.5 - missing functions: none
symbol engine: initialized successfully - sym options: 0x614 - pdb path: .;D:\MiniToolPowerDataRecovery\Android Studio\jre\bin;C:\Windows\SYSTEM32;C:\Windows\WinSxS\amd64_microsoft.windows.common-controls_6595b64144ccf1df_6.0.22000.120_none_9d947278b86cc467;D:\MiniToolPowerDataRecovery\Android Studio\jre\bin\server;C:\Users\Jhoan Ocampo\.gradle\native\e1d6ef7f7dcc3fd88c89a11ec53ec762bb8ba0a96d01ffa2cd45eb1d1d8dd5c5\windows-amd64;C:\Users\Jhoan Ocampo\.gradle\native\5664cfc778a61ccfe75a443a1ab52a65af34e5dc3c78e0209fed803814484fcb\windows-amd64

VM Arguments:
jvm_args: --add-opens=java.base/java.util=ALL-UNNAMED --add-opens=java.base/java.lang=ALL-UNNAMED --add-opens=java.base/java.lang.invoke=ALL-UNNAMED --add-opens=java.base/java.util=ALL-UNNAMED --add-opens=java.prefs/java.util.prefs=ALL-UNNAMED --add-opens=java.prefs/java.util.prefs=ALL-UNNAMED --add-opens=java.base/java.nio.charset=ALL-UNNAMED --add-opens=java.base/java.net=ALL-UNNAMED --add-opens=java.base/java.util.concurrent.atomic=ALL-UNNAMED -Xmx2048m -Dfile.encoding=UTF-8 -Duser.country=CO -Duser.language=es -Duser.variant 
java_command: org.gradle.launcher.daemon.bootstrap.GradleDaemon 7.3.3
java_class_path (initial): C:\Users\Jhoan Ocampo\.gradle\wrapper\dists\gradle-7.3.3-bin\6a41zxkdtcxs8rphpq6y0069z\gradle-7.3.3\lib\gradle-launcher-7.3.3.jar
Launcher Type: SUN_STANDARD

[Global flags]
     intx CICompilerCount                          = 4                                         {product} {ergonomic}
     uint ConcGCThreads                            = 2                                         {product} {ergonomic}
     uint G1ConcRefinementThreads                  = 8                                         {product} {ergonomic}
   size_t G1HeapRegionSize                         = 1048576                                   {product} {ergonomic}
    uintx GCDrainStackTargetSize                   = 64                                        {product} {ergonomic}
   size_t InitialHeapSize                          = 134217728                                 {product} {ergonomic}
   size_t MarkStackSize                            = 4194304                                   {product} {ergonomic}
   size_t MaxHeapSize                              = 2147483648                                {product} {command line}
   size_t MaxNewSize                               = 1287651328                                {product} {ergonomic}
   size_t MinHeapDeltaBytes                        = 1048576                                   {product} {ergonomic}
    uintx NonNMethodCodeHeapSize                   = 5836300                                {pd product} {ergonomic}
    uintx NonProfiledCodeHeapSize                  = 122910970                              {pd product} {ergonomic}
    uintx ProfiledCodeHeapSize                     = 122910970                              {pd product} {ergonomic}
    uintx ReservedCodeCacheSize                    = 251658240                              {pd product} {ergonomic}
     bool SegmentedCodeCache                       = true                                      {product} {ergonomic}
     bool UseCompressedClassPointers               = true                                 {lp64_product} {ergonomic}
     bool UseCompressedOops                        = true                                 {lp64_product} {ergonomic}
     bool UseG1GC                                  = true                                      {product} {ergonomic}
     bool UseLargePagesIndividualAllocation        = false                                  {pd product} {ergonomic}

Logging:
Log output configuration:
 #0: stdout all=warning uptime,level,tags
 #1: stderr all=off uptime,level,tags

Environment Variables:
PATH=C:\Program Files (x86)\Common Files\Oracle\Java\javapath;C:\Program Files (x86)\Intel\iCLS Client\;C:\Program Files\Intel\iCLS Client\;C:\Windows\system32;C:\Windows;C:\Windows\System32\Wbem;C:\Windows\System32\WindowsPowerShell\v1.0\;C:\Windows\System32\OpenSSH\;C:\Program Files\Intel\Intel(R) Management Engine Components\DAL;C:\Program Files\Intel\Intel(R) Management Engine Components\IPT;C:\Program Files (x86)\Intel\Intel(R) Management Engine Components\DAL;C:\Program Files (x86)\Intel\Intel(R) Management Engine Components\IPT;C:\Program Files\dotnet\;C:\Program Files\Microsoft SQL Server\150\Tools\Binn\;C:\Program Files\Microsoft SQL Server\Client SDK\ODBC\170\Tools\Binn\;C:\Program Files (x86)\Microsoft SQL Server\150\Tools\Binn\;C:\Program Files\Microsoft SQL Server\150\DTS\Binn\;C:\Program Files\Git\cmd;C:\Program Files\Docker\Docker\resources\bin;C:\ProgramData\DockerDesktop\version-bin;C:\Program Files\Java\jdk1.8.0_202\bin;C:\Users\Jhoan Ocampo\AppData\Local\Microsoft\WindowsApps;C:\Users\Jhoan Ocampo\AppData\Local\Programs\Microsoft VS Code\bin;C:\Users\Jhoan Ocampo\.dotnet\tools;C:\Users\Jhoan Ocampo\AppData\Local\GitHubDesktop\bin;C:\Program Files\Java\jdk1.8.0_202\bin;
USERNAME=Jhoan Ocampo
OS=Windows_NT
PROCESSOR_IDENTIFIER=Intel64 Family 6 Model 60 Stepping 3, GenuineIntel



---------------  S Y S T E M  ---------------

OS: Windows 10 , 64 bit Build 22000 (10.0.22000.708)
OS uptime: 2 days 1:40 hours
Hyper-V role detected

CPU:total 8 (initial active 8) (4 cores per cpu, 2 threads per core) family 6 model 60 stepping 3 microcode 0x28, cmov, cx8, fxsr, mmx, sse, sse2, sse3, ssse3, sse4.1, sse4.2, popcnt, avx, avx2, aes, clmul, erms, lzcnt, ht, tsc, tscinvbit, bmi1, bmi2, fma

Memory: 4k page, system-wide physical 8124M (344M free)
TotalPageFile size 16316M (AvailPageFile size 92M)
current process WorkingSet (physical memory assigned to process): 476M, peak: 478M
current process commit charge ("private bytes"): 521M, peak: 619M

vm_info: OpenJDK 64-Bit Server VM (11.0.12+7-b1504.28-7817840) for windows-amd64 JRE (11.0.12+7-b1504.28-7817840), built on Oct 13 2021 22:12:33 by "builder" with MS VC++ 14.0 (VS2015)

END.
